<?xml version="1.0" encoding="UTF-8"?>
<testsuite name="com.singco.springboot.web.ProfileControllerTest" tests="1" skipped="0" failures="0" errors="0" timestamp="2020-01-08T03:25:27" hostname="Kui-MacBookPro.local" time="0.249">
  <properties/>
  <testcase name="callProfileWithoutAuthentication" classname="com.singco.springboot.web.ProfileControllerTest" time="0.249"/>
  <system-out><![CDATA[12:25:21.480 [Test worker] DEBUG org.springframework.test.context.junit4.SpringJUnit4ClassRunner - SpringJUnit4ClassRunner constructor called with [class com.singco.springboot.web.ProfileControllerTest]
12:25:21.485 [Test worker] DEBUG org.springframework.test.context.BootstrapUtils - Instantiating CacheAwareContextLoaderDelegate from class [org.springframework.test.context.cache.DefaultCacheAwareContextLoaderDelegate]
12:25:21.492 [Test worker] DEBUG org.springframework.test.context.BootstrapUtils - Instantiating BootstrapContext using constructor [public org.springframework.test.context.support.DefaultBootstrapContext(java.lang.Class,org.springframework.test.context.CacheAwareContextLoaderDelegate)]
12:25:21.509 [Test worker] DEBUG org.springframework.test.context.BootstrapUtils - Instantiating TestContextBootstrapper for test class [com.singco.springboot.web.ProfileControllerTest] from class [org.springframework.boot.test.context.SpringBootTestContextBootstrapper]
12:25:21.522 [Test worker] INFO org.springframework.boot.test.context.SpringBootTestContextBootstrapper - Neither @ContextConfiguration nor @ContextHierarchy found for test class [com.singco.springboot.web.ProfileControllerTest], using SpringBootContextLoader
12:25:21.526 [Test worker] DEBUG org.springframework.test.context.support.AbstractContextLoader - Did not detect default resource location for test class [com.singco.springboot.web.ProfileControllerTest]: class path resource [com/singco/springboot/web/ProfileControllerTest-context.xml] does not exist
12:25:21.527 [Test worker] DEBUG org.springframework.test.context.support.AbstractContextLoader - Did not detect default resource location for test class [com.singco.springboot.web.ProfileControllerTest]: class path resource [com/singco/springboot/web/ProfileControllerTestContext.groovy] does not exist
12:25:21.527 [Test worker] INFO org.springframework.test.context.support.AbstractContextLoader - Could not detect default resource locations for test class [com.singco.springboot.web.ProfileControllerTest]: no resource found for suffixes {-context.xml, Context.groovy}.
12:25:21.528 [Test worker] INFO org.springframework.test.context.support.AnnotationConfigContextLoaderUtils - Could not detect default configuration classes for test class [com.singco.springboot.web.ProfileControllerTest]: ProfileControllerTest does not declare any static, non-private, non-final, nested classes annotated with @Configuration.
12:25:21.576 [Test worker] DEBUG org.springframework.test.context.support.ActiveProfilesUtils - Could not find an 'annotation declaring class' for annotation type [org.springframework.test.context.ActiveProfiles] and class [com.singco.springboot.web.ProfileControllerTest]
12:25:21.683 [Test worker] DEBUG org.springframework.context.annotation.ClassPathScanningCandidateComponentProvider - Identified candidate component class: file [/Users/mintune/IdeaProjects/springboot2-webservice/build/classes/java/main/com/singco/springboot/Application.class]
12:25:21.683 [Test worker] INFO org.springframework.boot.test.context.SpringBootTestContextBootstrapper - Found @SpringBootConfiguration com.singco.springboot.Application for test class com.singco.springboot.web.ProfileControllerTest
12:25:21.780 [Test worker] DEBUG org.springframework.boot.test.context.SpringBootTestContextBootstrapper - @TestExecutionListeners is not present for class [com.singco.springboot.web.ProfileControllerTest]: using defaults.
12:25:21.780 [Test worker] INFO org.springframework.boot.test.context.SpringBootTestContextBootstrapper - Loaded default TestExecutionListener class names from location [META-INF/spring.factories]: [org.springframework.security.test.context.support.WithSecurityContextTestExecutionListener, org.springframework.security.test.context.support.ReactorContextTestExecutionListener, org.springframework.boot.test.autoconfigure.restdocs.RestDocsTestExecutionListener, org.springframework.boot.test.autoconfigure.web.client.MockRestServiceServerResetTestExecutionListener, org.springframework.boot.test.autoconfigure.web.servlet.MockMvcPrintOnlyOnFailureTestExecutionListener, org.springframework.boot.test.autoconfigure.web.servlet.WebDriverTestExecutionListener, org.springframework.boot.test.mock.mockito.MockitoTestExecutionListener, org.springframework.boot.test.mock.mockito.ResetMocksTestExecutionListener, org.springframework.test.context.web.ServletTestExecutionListener, org.springframework.test.context.support.DirtiesContextBeforeModesTestExecutionListener, org.springframework.test.context.support.DependencyInjectionTestExecutionListener, org.springframework.test.context.support.DirtiesContextTestExecutionListener, org.springframework.test.context.transaction.TransactionalTestExecutionListener, org.springframework.test.context.jdbc.SqlScriptsTestExecutionListener]
12:25:21.801 [Test worker] INFO org.springframework.boot.test.context.SpringBootTestContextBootstrapper - Using TestExecutionListeners: [org.springframework.test.context.web.ServletTestExecutionListener@250fc99c, org.springframework.test.context.support.DirtiesContextBeforeModesTestExecutionListener@2b0fb8fd, org.springframework.boot.test.mock.mockito.MockitoTestExecutionListener@12e878f2, org.springframework.boot.test.autoconfigure.SpringBootDependencyInjectionTestExecutionListener@581a5307, org.springframework.test.context.support.DirtiesContextTestExecutionListener@38232b1, org.springframework.test.context.transaction.TransactionalTestExecutionListener@551cba6c, org.springframework.test.context.jdbc.SqlScriptsTestExecutionListener@46267d5, org.springframework.security.test.context.support.WithSecurityContextTestExecutionListener@e6a9e35, org.springframework.security.test.context.support.ReactorContextTestExecutionListener@1cef32f3, org.springframework.boot.test.autoconfigure.restdocs.RestDocsTestExecutionListener@2c1034d8, org.springframework.boot.test.autoconfigure.web.client.MockRestServiceServerResetTestExecutionListener@3bdbb240, org.springframework.boot.test.autoconfigure.web.servlet.MockMvcPrintOnlyOnFailureTestExecutionListener@611a1838, org.springframework.boot.test.autoconfigure.web.servlet.WebDriverTestExecutionListener@487c642, org.springframework.boot.test.mock.mockito.ResetMocksTestExecutionListener@291c94fe]
12:25:21.803 [Test worker] DEBUG org.springframework.test.annotation.ProfileValueUtils - Retrieved @ProfileValueSourceConfiguration [null] for test class [com.singco.springboot.web.ProfileControllerTest]
12:25:21.804 [Test worker] DEBUG org.springframework.test.annotation.ProfileValueUtils - Retrieved ProfileValueSource type [class org.springframework.test.annotation.SystemProfileValueSource] for class [com.singco.springboot.web.ProfileControllerTest]
12:25:21.804 [Test worker] DEBUG org.springframework.test.annotation.ProfileValueUtils - Retrieved @ProfileValueSourceConfiguration [null] for test class [com.singco.springboot.web.ProfileControllerTest]
12:25:21.804 [Test worker] DEBUG org.springframework.test.annotation.ProfileValueUtils - Retrieved ProfileValueSource type [class org.springframework.test.annotation.SystemProfileValueSource] for class [com.singco.springboot.web.ProfileControllerTest]
12:25:21.808 [Test worker] DEBUG org.springframework.test.context.support.AbstractDirtiesContextTestExecutionListener - Before test class: context [DefaultTestContext@7fb6b71 testClass = ProfileControllerTest, testInstance = [null], testMethod = [null], testException = [null], mergedContextConfiguration = [WebMergedContextConfiguration@64df4e14 testClass = ProfileControllerTest, locations = '{}', classes = '{class com.singco.springboot.Application}', contextInitializerClasses = '[]', activeProfiles = '{}', propertySourceLocations = '{}', propertySourceProperties = '{org.springframework.boot.test.context.SpringBootTestContextBootstrapper=true, server.port=0}', contextCustomizers = set[org.springframework.boot.test.autoconfigure.properties.PropertyMappingContextCustomizer@0, org.springframework.boot.test.autoconfigure.web.servlet.WebDriverContextCustomizerFactory$Customizer@71f18220, org.springframework.boot.test.context.filter.ExcludeFilterContextCustomizer@45915d1a, org.springframework.boot.test.json.DuplicateJsonObjectContextCustomizerFactory$DuplicateJsonObjectContextCustomizer@6f67153d, org.springframework.boot.test.mock.mockito.MockitoContextCustomizer@0, org.springframework.boot.test.web.client.TestRestTemplateContextCustomizer@15b5c59a], resourceBasePath = 'src/main/webapp', contextLoader = 'org.springframework.boot.test.context.SpringBootContextLoader', parent = [null]], attributes = map['org.springframework.test.context.web.ServletTestExecutionListener.activateListener' -> false]], class annotated with @DirtiesContext [false] with mode [null].
12:25:21.808 [Test worker] DEBUG org.springframework.test.annotation.ProfileValueUtils - Retrieved @ProfileValueSourceConfiguration [null] for test class [com.singco.springboot.web.ProfileControllerTest]
12:25:21.808 [Test worker] DEBUG org.springframework.test.annotation.ProfileValueUtils - Retrieved ProfileValueSource type [class org.springframework.test.annotation.SystemProfileValueSource] for class [com.singco.springboot.web.ProfileControllerTest]
12:25:21.814 [Test worker] DEBUG org.springframework.test.context.support.DependencyInjectionTestExecutionListener - Performing dependency injection for test context [[DefaultTestContext@7fb6b71 testClass = ProfileControllerTest, testInstance = com.singco.springboot.web.ProfileControllerTest@5f069eb7, testMethod = [null], testException = [null], mergedContextConfiguration = [WebMergedContextConfiguration@64df4e14 testClass = ProfileControllerTest, locations = '{}', classes = '{class com.singco.springboot.Application}', contextInitializerClasses = '[]', activeProfiles = '{}', propertySourceLocations = '{}', propertySourceProperties = '{org.springframework.boot.test.context.SpringBootTestContextBootstrapper=true, server.port=0}', contextCustomizers = set[org.springframework.boot.test.autoconfigure.properties.PropertyMappingContextCustomizer@0, org.springframework.boot.test.autoconfigure.web.servlet.WebDriverContextCustomizerFactory$Customizer@71f18220, org.springframework.boot.test.context.filter.ExcludeFilterContextCustomizer@45915d1a, org.springframework.boot.test.json.DuplicateJsonObjectContextCustomizerFactory$DuplicateJsonObjectContextCustomizer@6f67153d, org.springframework.boot.test.mock.mockito.MockitoContextCustomizer@0, org.springframework.boot.test.web.client.TestRestTemplateContextCustomizer@15b5c59a], resourceBasePath = 'src/main/webapp', contextLoader = 'org.springframework.boot.test.context.SpringBootContextLoader', parent = [null]], attributes = map['org.springframework.test.context.web.ServletTestExecutionListener.activateListener' -> false]]].
12:25:21.835 [Test worker] DEBUG org.springframework.test.context.support.TestPropertySourceUtils - Adding inlined properties to environment: {spring.jmx.enabled=false, org.springframework.boot.test.context.SpringBootTestContextBootstrapper=true, server.port=0}

  .   ____          _            __ _ _
 /\\ / ___'_ __ _ _(_)_ __  __ _ \ \ \ \
( ( )\___ | '_ | '_| | '_ \/ _` | \ \ \ \
 \\/  ___)| |_)| | | | | || (_| |  ) ) ) )
  '  |____| .__|_| |_|_| |_\__, | / / / /
 =========|_|==============|___/=/_/_/_/
 :: Spring Boot ::        (v2.1.7.RELEASE)

2020-01-08 12:25:22.163  INFO 6711 --- [    Test worker] c.s.s.web.ProfileControllerTest          : Starting ProfileControllerTest on Kui-MacBookPro.local with PID 6711 (started by mintune in /Users/mintune/IdeaProjects/springboot2-webservice)
2020-01-08 12:25:22.164  INFO 6711 --- [    Test worker] c.s.s.web.ProfileControllerTest          : No active profile set, falling back to default profiles: default
2020-01-08 12:25:22.869  INFO 6711 --- [    Test worker] .s.d.r.c.RepositoryConfigurationDelegate : Bootstrapping Spring Data repositories in DEFAULT mode.
2020-01-08 12:25:22.933  INFO 6711 --- [    Test worker] .s.d.r.c.RepositoryConfigurationDelegate : Finished Spring Data repository scanning in 56ms. Found 2 repository interfaces.
2020-01-08 12:25:23.361  INFO 6711 --- [    Test worker] trationDelegate$BeanPostProcessorChecker : Bean 'org.springframework.transaction.annotation.ProxyTransactionManagementConfiguration' of type [org.springframework.transaction.annotation.ProxyTransactionManagementConfiguration$$EnhancerBySpringCGLIB$$baec00a0] is not eligible for getting processed by all BeanPostProcessors (for example: not eligible for auto-proxying)
2020-01-08 12:25:23.681  INFO 6711 --- [    Test worker] o.s.b.w.embedded.tomcat.TomcatWebServer  : Tomcat initialized with port(s): 0 (http)
2020-01-08 12:25:23.710  INFO 6711 --- [    Test worker] o.apache.catalina.core.StandardService   : Starting service [Tomcat]
2020-01-08 12:25:23.710  INFO 6711 --- [    Test worker] org.apache.catalina.core.StandardEngine  : Starting Servlet engine: [Apache Tomcat/9.0.22]
2020-01-08 12:25:23.851  INFO 6711 --- [    Test worker] o.a.c.c.C.[Tomcat].[localhost].[/]       : Initializing Spring embedded WebApplicationContext
2020-01-08 12:25:23.851  INFO 6711 --- [    Test worker] o.s.web.context.ContextLoader            : Root WebApplicationContext: initialization completed in 1668 ms
2020-01-08 12:25:24.098  INFO 6711 --- [    Test worker] com.zaxxer.hikari.HikariDataSource       : HikariPool-1 - Starting...
2020-01-08 12:25:24.291  INFO 6711 --- [    Test worker] com.zaxxer.hikari.HikariDataSource       : HikariPool-1 - Start completed.
2020-01-08 12:25:24.389  INFO 6711 --- [    Test worker] o.hibernate.jpa.internal.util.LogHelper  : HHH000204: Processing PersistenceUnitInfo [
	name: default
	...]
2020-01-08 12:25:24.475  INFO 6711 --- [    Test worker] org.hibernate.Version                    : HHH000412: Hibernate Core {5.3.10.Final}
2020-01-08 12:25:24.476  INFO 6711 --- [    Test worker] org.hibernate.cfg.Environment            : HHH000206: hibernate.properties not found
2020-01-08 12:25:24.674  INFO 6711 --- [    Test worker] o.hibernate.annotations.common.Version   : HCANN000001: Hibernate Commons Annotations {5.0.4.Final}
2020-01-08 12:25:24.837  INFO 6711 --- [    Test worker] org.hibernate.dialect.Dialect            : HHH000400: Using dialect: org.hibernate.dialect.MySQL5InnoDBDialect
Hibernate: drop table if exists posts
Hibernate: drop table if exists user
Hibernate: create table posts (id bigint not null auto_increment, create_date datetime, modified_date datetime, author varchar(255), content TEXT not null, title varchar(500) not null, primary key (id)) engine=InnoDB
Hibernate: create table user (id bigint not null auto_increment, create_date datetime, modified_date datetime, email varchar(255) not null, name varchar(255) not null, picture varchar(255), role varchar(255) not null, primary key (id)) engine=InnoDB
2020-01-08 12:25:25.519  INFO 6711 --- [    Test worker] o.h.t.schema.internal.SchemaCreatorImpl  : HHH000476: Executing import script 'org.hibernate.tool.schema.internal.exec.ScriptSourceInputNonExistentImpl@77b6e32'
2020-01-08 12:25:25.522  INFO 6711 --- [    Test worker] j.LocalContainerEntityManagerFactoryBean : Initialized JPA EntityManagerFactory for persistence unit 'default'
2020-01-08 12:25:26.120  INFO 6711 --- [    Test worker] o.h.h.i.QueryTranslatorFactoryInitiator  : HHH000397: Using ASTQueryTranslatorFactory
2020-01-08 12:25:26.487  INFO 6711 --- [    Test worker] o.s.s.web.DefaultSecurityFilterChain     : Creating filter chain: any request, [org.springframework.security.web.context.request.async.WebAsyncManagerIntegrationFilter@2acd1f03, org.springframework.security.web.context.SecurityContextPersistenceFilter@1b16b106, org.springframework.security.web.header.HeaderWriterFilter@35a3f897, org.springframework.security.web.authentication.logout.LogoutFilter@18bbad1e, org.springframework.security.oauth2.client.web.OAuth2AuthorizationRequestRedirectFilter@1182c65b, org.springframework.security.oauth2.client.web.OAuth2LoginAuthenticationFilter@43ea03f3, org.springframework.security.web.authentication.ui.DefaultLoginPageGeneratingFilter@3848617f, org.springframework.security.web.authentication.ui.DefaultLogoutPageGeneratingFilter@507ace16, org.springframework.security.web.savedrequest.RequestCacheAwareFilter@7035dbf5, org.springframework.security.web.servletapi.SecurityContextHolderAwareRequestFilter@47ff479f, org.springframework.security.web.authentication.AnonymousAuthenticationFilter@321adbd1, org.springframework.security.web.session.SessionManagementFilter@2e824735, org.springframework.security.web.access.ExceptionTranslationFilter@75600512, org.springframework.security.web.access.intercept.FilterSecurityInterceptor@adb54bd]
2020-01-08 12:25:26.745  INFO 6711 --- [    Test worker] o.s.s.concurrent.ThreadPoolTaskExecutor  : Initializing ExecutorService 'applicationTaskExecutor'
2020-01-08 12:25:26.798  WARN 6711 --- [    Test worker] aWebConfiguration$JpaWebMvcConfiguration : spring.jpa.open-in-view is enabled by default. Therefore, database queries may be performed during view rendering. Explicitly configure spring.jpa.open-in-view to disable this warning
2020-01-08 12:25:26.841  INFO 6711 --- [    Test worker] o.s.b.a.w.s.WelcomePageHandlerMapping    : Adding welcome page template: index
2020-01-08 12:25:27.115  INFO 6711 --- [    Test worker] s.a.ScheduledAnnotationBeanPostProcessor : No TaskScheduler/ScheduledExecutorService bean found for scheduled processing
2020-01-08 12:25:27.140  INFO 6711 --- [    Test worker] o.s.b.w.embedded.tomcat.TomcatWebServer  : Tomcat started on port(s): 62446 (http) with context path ''
2020-01-08 12:25:27.143  INFO 6711 --- [    Test worker] c.s.s.web.ProfileControllerTest          : Started ProfileControllerTest in 5.305 seconds (JVM running for 6.295)
2020-01-08 12:25:27.322  INFO 6711 --- [o-auto-1-exec-1] o.a.c.c.C.[Tomcat].[localhost].[/]       : Initializing Spring DispatcherServlet 'dispatcherServlet'
2020-01-08 12:25:27.323  INFO 6711 --- [o-auto-1-exec-1] o.s.web.servlet.DispatcherServlet        : Initializing Servlet 'dispatcherServlet'
2020-01-08 12:25:27.339  INFO 6711 --- [o-auto-1-exec-1] o.s.web.servlet.DispatcherServlet        : Completed initialization in 16 ms
]]></system-out>
  <system-err><![CDATA[]]></system-err>
</testsuite>
