<?xml version="1.0" encoding="UTF-8"?>
<testsuite name="com.singco.springboot.web.ProfileControllerTest" tests="1" skipped="0" failures="0" errors="0" timestamp="2020-01-07T16:55:25" hostname="Kui-MacBookPro.local" time="0.22">
  <properties/>
  <testcase name="callProfileWithoutAuthentication" classname="com.singco.springboot.web.ProfileControllerTest" time="0.22"/>
  <system-out><![CDATA[01:55:20.557 [Test worker] DEBUG org.springframework.test.context.junit4.SpringJUnit4ClassRunner - SpringJUnit4ClassRunner constructor called with [class com.singco.springboot.web.ProfileControllerTest]
01:55:20.561 [Test worker] DEBUG org.springframework.test.context.BootstrapUtils - Instantiating CacheAwareContextLoaderDelegate from class [org.springframework.test.context.cache.DefaultCacheAwareContextLoaderDelegate]
01:55:20.566 [Test worker] DEBUG org.springframework.test.context.BootstrapUtils - Instantiating BootstrapContext using constructor [public org.springframework.test.context.support.DefaultBootstrapContext(java.lang.Class,org.springframework.test.context.CacheAwareContextLoaderDelegate)]
01:55:20.579 [Test worker] DEBUG org.springframework.test.context.BootstrapUtils - Instantiating TestContextBootstrapper for test class [com.singco.springboot.web.ProfileControllerTest] from class [org.springframework.boot.test.context.SpringBootTestContextBootstrapper]
01:55:20.586 [Test worker] INFO org.springframework.boot.test.context.SpringBootTestContextBootstrapper - Neither @ContextConfiguration nor @ContextHierarchy found for test class [com.singco.springboot.web.ProfileControllerTest], using SpringBootContextLoader
01:55:20.588 [Test worker] DEBUG org.springframework.test.context.support.AbstractContextLoader - Did not detect default resource location for test class [com.singco.springboot.web.ProfileControllerTest]: class path resource [com/singco/springboot/web/ProfileControllerTest-context.xml] does not exist
01:55:20.589 [Test worker] DEBUG org.springframework.test.context.support.AbstractContextLoader - Did not detect default resource location for test class [com.singco.springboot.web.ProfileControllerTest]: class path resource [com/singco/springboot/web/ProfileControllerTestContext.groovy] does not exist
01:55:20.589 [Test worker] INFO org.springframework.test.context.support.AbstractContextLoader - Could not detect default resource locations for test class [com.singco.springboot.web.ProfileControllerTest]: no resource found for suffixes {-context.xml, Context.groovy}.
01:55:20.589 [Test worker] INFO org.springframework.test.context.support.AnnotationConfigContextLoaderUtils - Could not detect default configuration classes for test class [com.singco.springboot.web.ProfileControllerTest]: ProfileControllerTest does not declare any static, non-private, non-final, nested classes annotated with @Configuration.
01:55:20.616 [Test worker] DEBUG org.springframework.test.context.support.ActiveProfilesUtils - Could not find an 'annotation declaring class' for annotation type [org.springframework.test.context.ActiveProfiles] and class [com.singco.springboot.web.ProfileControllerTest]
01:55:20.682 [Test worker] DEBUG org.springframework.context.annotation.ClassPathScanningCandidateComponentProvider - Identified candidate component class: file [/Users/mintune/IdeaProjects/springboot2-webservice/build/classes/java/main/com/singco/springboot/Application.class]
01:55:20.683 [Test worker] INFO org.springframework.boot.test.context.SpringBootTestContextBootstrapper - Found @SpringBootConfiguration com.singco.springboot.Application for test class com.singco.springboot.web.ProfileControllerTest
01:55:20.745 [Test worker] DEBUG org.springframework.boot.test.context.SpringBootTestContextBootstrapper - @TestExecutionListeners is not present for class [com.singco.springboot.web.ProfileControllerTest]: using defaults.
01:55:20.745 [Test worker] INFO org.springframework.boot.test.context.SpringBootTestContextBootstrapper - Loaded default TestExecutionListener class names from location [META-INF/spring.factories]: [org.springframework.security.test.context.support.WithSecurityContextTestExecutionListener, org.springframework.security.test.context.support.ReactorContextTestExecutionListener, org.springframework.boot.test.autoconfigure.restdocs.RestDocsTestExecutionListener, org.springframework.boot.test.autoconfigure.web.client.MockRestServiceServerResetTestExecutionListener, org.springframework.boot.test.autoconfigure.web.servlet.MockMvcPrintOnlyOnFailureTestExecutionListener, org.springframework.boot.test.autoconfigure.web.servlet.WebDriverTestExecutionListener, org.springframework.boot.test.mock.mockito.MockitoTestExecutionListener, org.springframework.boot.test.mock.mockito.ResetMocksTestExecutionListener, org.springframework.test.context.web.ServletTestExecutionListener, org.springframework.test.context.support.DirtiesContextBeforeModesTestExecutionListener, org.springframework.test.context.support.DependencyInjectionTestExecutionListener, org.springframework.test.context.support.DirtiesContextTestExecutionListener, org.springframework.test.context.transaction.TransactionalTestExecutionListener, org.springframework.test.context.jdbc.SqlScriptsTestExecutionListener]
01:55:20.757 [Test worker] INFO org.springframework.boot.test.context.SpringBootTestContextBootstrapper - Using TestExecutionListeners: [org.springframework.test.context.web.ServletTestExecutionListener@103786bf, org.springframework.test.context.support.DirtiesContextBeforeModesTestExecutionListener@7b9cae7, org.springframework.boot.test.mock.mockito.MockitoTestExecutionListener@55b0c7e8, org.springframework.boot.test.autoconfigure.SpringBootDependencyInjectionTestExecutionListener@7e529db3, org.springframework.test.context.support.DirtiesContextTestExecutionListener@52fceeb8, org.springframework.test.context.transaction.TransactionalTestExecutionListener@1b5be8f2, org.springframework.test.context.jdbc.SqlScriptsTestExecutionListener@4807f3f6, org.springframework.security.test.context.support.WithSecurityContextTestExecutionListener@22524040, org.springframework.security.test.context.support.ReactorContextTestExecutionListener@17eef39c, org.springframework.boot.test.autoconfigure.restdocs.RestDocsTestExecutionListener@53b685eb, org.springframework.boot.test.autoconfigure.web.client.MockRestServiceServerResetTestExecutionListener@24594428, org.springframework.boot.test.autoconfigure.web.servlet.MockMvcPrintOnlyOnFailureTestExecutionListener@143940a3, org.springframework.boot.test.autoconfigure.web.servlet.WebDriverTestExecutionListener@74ab33ab, org.springframework.boot.test.mock.mockito.ResetMocksTestExecutionListener@13557908]
01:55:20.758 [Test worker] DEBUG org.springframework.test.annotation.ProfileValueUtils - Retrieved @ProfileValueSourceConfiguration [null] for test class [com.singco.springboot.web.ProfileControllerTest]
01:55:20.759 [Test worker] DEBUG org.springframework.test.annotation.ProfileValueUtils - Retrieved ProfileValueSource type [class org.springframework.test.annotation.SystemProfileValueSource] for class [com.singco.springboot.web.ProfileControllerTest]
01:55:20.759 [Test worker] DEBUG org.springframework.test.annotation.ProfileValueUtils - Retrieved @ProfileValueSourceConfiguration [null] for test class [com.singco.springboot.web.ProfileControllerTest]
01:55:20.759 [Test worker] DEBUG org.springframework.test.annotation.ProfileValueUtils - Retrieved ProfileValueSource type [class org.springframework.test.annotation.SystemProfileValueSource] for class [com.singco.springboot.web.ProfileControllerTest]
01:55:20.761 [Test worker] DEBUG org.springframework.test.context.support.AbstractDirtiesContextTestExecutionListener - Before test class: context [DefaultTestContext@3789ab49 testClass = ProfileControllerTest, testInstance = [null], testMethod = [null], testException = [null], mergedContextConfiguration = [WebMergedContextConfiguration@1184bf70 testClass = ProfileControllerTest, locations = '{}', classes = '{class com.singco.springboot.Application}', contextInitializerClasses = '[]', activeProfiles = '{}', propertySourceLocations = '{}', propertySourceProperties = '{org.springframework.boot.test.context.SpringBootTestContextBootstrapper=true, server.port=0}', contextCustomizers = set[org.springframework.boot.test.autoconfigure.properties.PropertyMappingContextCustomizer@0, org.springframework.boot.test.autoconfigure.web.servlet.WebDriverContextCustomizerFactory$Customizer@62315014, org.springframework.boot.test.context.filter.ExcludeFilterContextCustomizer@56f93a4b, org.springframework.boot.test.json.DuplicateJsonObjectContextCustomizerFactory$DuplicateJsonObjectContextCustomizer@6593c8c, org.springframework.boot.test.mock.mockito.MockitoContextCustomizer@0, org.springframework.boot.test.web.client.TestRestTemplateContextCustomizer@273cf1ff], resourceBasePath = 'src/main/webapp', contextLoader = 'org.springframework.boot.test.context.SpringBootContextLoader', parent = [null]], attributes = map['org.springframework.test.context.web.ServletTestExecutionListener.activateListener' -> false]], class annotated with @DirtiesContext [false] with mode [null].
01:55:20.762 [Test worker] DEBUG org.springframework.test.annotation.ProfileValueUtils - Retrieved @ProfileValueSourceConfiguration [null] for test class [com.singco.springboot.web.ProfileControllerTest]
01:55:20.762 [Test worker] DEBUG org.springframework.test.annotation.ProfileValueUtils - Retrieved ProfileValueSource type [class org.springframework.test.annotation.SystemProfileValueSource] for class [com.singco.springboot.web.ProfileControllerTest]
01:55:20.765 [Test worker] DEBUG org.springframework.test.context.support.DependencyInjectionTestExecutionListener - Performing dependency injection for test context [[DefaultTestContext@3789ab49 testClass = ProfileControllerTest, testInstance = com.singco.springboot.web.ProfileControllerTest@c7ab806, testMethod = [null], testException = [null], mergedContextConfiguration = [WebMergedContextConfiguration@1184bf70 testClass = ProfileControllerTest, locations = '{}', classes = '{class com.singco.springboot.Application}', contextInitializerClasses = '[]', activeProfiles = '{}', propertySourceLocations = '{}', propertySourceProperties = '{org.springframework.boot.test.context.SpringBootTestContextBootstrapper=true, server.port=0}', contextCustomizers = set[org.springframework.boot.test.autoconfigure.properties.PropertyMappingContextCustomizer@0, org.springframework.boot.test.autoconfigure.web.servlet.WebDriverContextCustomizerFactory$Customizer@62315014, org.springframework.boot.test.context.filter.ExcludeFilterContextCustomizer@56f93a4b, org.springframework.boot.test.json.DuplicateJsonObjectContextCustomizerFactory$DuplicateJsonObjectContextCustomizer@6593c8c, org.springframework.boot.test.mock.mockito.MockitoContextCustomizer@0, org.springframework.boot.test.web.client.TestRestTemplateContextCustomizer@273cf1ff], resourceBasePath = 'src/main/webapp', contextLoader = 'org.springframework.boot.test.context.SpringBootContextLoader', parent = [null]], attributes = map['org.springframework.test.context.web.ServletTestExecutionListener.activateListener' -> false]]].
01:55:20.778 [Test worker] DEBUG org.springframework.test.context.support.TestPropertySourceUtils - Adding inlined properties to environment: {spring.jmx.enabled=false, org.springframework.boot.test.context.SpringBootTestContextBootstrapper=true, server.port=0}

  .   ____          _            __ _ _
 /\\ / ___'_ __ _ _(_)_ __  __ _ \ \ \ \
( ( )\___ | '_ | '_| | '_ \/ _` | \ \ \ \
 \\/  ___)| |_)| | | | | || (_| |  ) ) ) )
  '  |____| .__|_| |_|_| |_\__, | / / / /
 =========|_|==============|___/=/_/_/_/
 :: Spring Boot ::        (v2.1.7.RELEASE)

2020-01-08 01:55:20.991  INFO 5568 --- [    Test worker] c.s.s.web.ProfileControllerTest          : Starting ProfileControllerTest on Kui-MacBookPro.local with PID 5568 (started by mintune in /Users/mintune/IdeaProjects/springboot2-webservice)
2020-01-08 01:55:20.993  INFO 5568 --- [    Test worker] c.s.s.web.ProfileControllerTest          : No active profile set, falling back to default profiles: default
2020-01-08 01:55:21.549  INFO 5568 --- [    Test worker] .s.d.r.c.RepositoryConfigurationDelegate : Bootstrapping Spring Data repositories in DEFAULT mode.
2020-01-08 01:55:21.601  INFO 5568 --- [    Test worker] .s.d.r.c.RepositoryConfigurationDelegate : Finished Spring Data repository scanning in 45ms. Found 2 repository interfaces.
2020-01-08 01:55:21.989  INFO 5568 --- [    Test worker] trationDelegate$BeanPostProcessorChecker : Bean 'org.springframework.transaction.annotation.ProxyTransactionManagementConfiguration' of type [org.springframework.transaction.annotation.ProxyTransactionManagementConfiguration$$EnhancerBySpringCGLIB$$f292e3df] is not eligible for getting processed by all BeanPostProcessors (for example: not eligible for auto-proxying)
2020-01-08 01:55:22.291  INFO 5568 --- [    Test worker] o.s.b.w.embedded.tomcat.TomcatWebServer  : Tomcat initialized with port(s): 0 (http)
2020-01-08 01:55:22.319  INFO 5568 --- [    Test worker] o.apache.catalina.core.StandardService   : Starting service [Tomcat]
2020-01-08 01:55:22.320  INFO 5568 --- [    Test worker] org.apache.catalina.core.StandardEngine  : Starting Servlet engine: [Apache Tomcat/9.0.22]
2020-01-08 01:55:22.446  INFO 5568 --- [    Test worker] o.a.c.c.C.[Tomcat].[localhost].[/]       : Initializing Spring embedded WebApplicationContext
2020-01-08 01:55:22.446  INFO 5568 --- [    Test worker] o.s.web.context.ContextLoader            : Root WebApplicationContext: initialization completed in 1440 ms
2020-01-08 01:55:22.666  INFO 5568 --- [    Test worker] com.zaxxer.hikari.HikariDataSource       : HikariPool-1 - Starting...
2020-01-08 01:55:22.804  INFO 5568 --- [    Test worker] com.zaxxer.hikari.HikariDataSource       : HikariPool-1 - Start completed.
2020-01-08 01:55:22.884  INFO 5568 --- [    Test worker] o.hibernate.jpa.internal.util.LogHelper  : HHH000204: Processing PersistenceUnitInfo [
	name: default
	...]
2020-01-08 01:55:22.936  INFO 5568 --- [    Test worker] org.hibernate.Version                    : HHH000412: Hibernate Core {5.3.10.Final}
2020-01-08 01:55:22.937  INFO 5568 --- [    Test worker] org.hibernate.cfg.Environment            : HHH000206: hibernate.properties not found
2020-01-08 01:55:23.059  INFO 5568 --- [    Test worker] o.hibernate.annotations.common.Version   : HCANN000001: Hibernate Commons Annotations {5.0.4.Final}
2020-01-08 01:55:23.171  INFO 5568 --- [    Test worker] org.hibernate.dialect.Dialect            : HHH000400: Using dialect: org.hibernate.dialect.MySQL5InnoDBDialect
Hibernate: drop table if exists posts
Hibernate: drop table if exists user
Hibernate: create table posts (id bigint not null auto_increment, create_date datetime, modified_date datetime, author varchar(255), content TEXT not null, title varchar(500) not null, primary key (id)) engine=InnoDB
Hibernate: create table user (id bigint not null auto_increment, create_date datetime, modified_date datetime, email varchar(255) not null, name varchar(255) not null, picture varchar(255), role varchar(255) not null, primary key (id)) engine=InnoDB
2020-01-08 01:55:23.780  INFO 5568 --- [    Test worker] o.h.t.schema.internal.SchemaCreatorImpl  : HHH000476: Executing import script 'org.hibernate.tool.schema.internal.exec.ScriptSourceInputNonExistentImpl@60a274a3'
2020-01-08 01:55:23.782  INFO 5568 --- [    Test worker] j.LocalContainerEntityManagerFactoryBean : Initialized JPA EntityManagerFactory for persistence unit 'default'
2020-01-08 01:55:24.347  INFO 5568 --- [    Test worker] o.h.h.i.QueryTranslatorFactoryInitiator  : HHH000397: Using ASTQueryTranslatorFactory
2020-01-08 01:55:24.662  INFO 5568 --- [    Test worker] o.s.s.web.DefaultSecurityFilterChain     : Creating filter chain: any request, [org.springframework.security.web.context.request.async.WebAsyncManagerIntegrationFilter@6dcc3b45, org.springframework.security.web.context.SecurityContextPersistenceFilter@1648c5cf, org.springframework.security.web.header.HeaderWriterFilter@695762f3, org.springframework.security.web.authentication.logout.LogoutFilter@39e70d76, org.springframework.security.oauth2.client.web.OAuth2AuthorizationRequestRedirectFilter@69ea90eb, org.springframework.security.oauth2.client.web.OAuth2LoginAuthenticationFilter@5ab42b86, org.springframework.security.web.authentication.ui.DefaultLoginPageGeneratingFilter@5f42affd, org.springframework.security.web.authentication.ui.DefaultLogoutPageGeneratingFilter@204e6f8c, org.springframework.security.web.savedrequest.RequestCacheAwareFilter@36bd9940, org.springframework.security.web.servletapi.SecurityContextHolderAwareRequestFilter@6a17e946, org.springframework.security.web.authentication.AnonymousAuthenticationFilter@48743b34, org.springframework.security.web.session.SessionManagementFilter@6f2d2c8, org.springframework.security.web.access.ExceptionTranslationFilter@78231840, org.springframework.security.web.access.intercept.FilterSecurityInterceptor@7006bf8d]
2020-01-08 01:55:24.922  INFO 5568 --- [    Test worker] o.s.s.concurrent.ThreadPoolTaskExecutor  : Initializing ExecutorService 'applicationTaskExecutor'
2020-01-08 01:55:24.969  WARN 5568 --- [    Test worker] aWebConfiguration$JpaWebMvcConfiguration : spring.jpa.open-in-view is enabled by default. Therefore, database queries may be performed during view rendering. Explicitly configure spring.jpa.open-in-view to disable this warning
2020-01-08 01:55:25.013  INFO 5568 --- [    Test worker] o.s.b.a.w.s.WelcomePageHandlerMapping    : Adding welcome page template: index
2020-01-08 01:55:25.283  INFO 5568 --- [    Test worker] s.a.ScheduledAnnotationBeanPostProcessor : No TaskScheduler/ScheduledExecutorService bean found for scheduled processing
2020-01-08 01:55:25.307  INFO 5568 --- [    Test worker] o.s.b.w.embedded.tomcat.TomcatWebServer  : Tomcat started on port(s): 59872 (http) with context path ''
2020-01-08 01:55:25.311  INFO 5568 --- [    Test worker] c.s.s.web.ProfileControllerTest          : Started ProfileControllerTest in 4.529 seconds (JVM running for 5.304)
2020-01-08 01:55:25.465  INFO 5568 --- [o-auto-1-exec-1] o.a.c.c.C.[Tomcat].[localhost].[/]       : Initializing Spring DispatcherServlet 'dispatcherServlet'
2020-01-08 01:55:25.466  INFO 5568 --- [o-auto-1-exec-1] o.s.web.servlet.DispatcherServlet        : Initializing Servlet 'dispatcherServlet'
2020-01-08 01:55:25.484  INFO 5568 --- [o-auto-1-exec-1] o.s.web.servlet.DispatcherServlet        : Completed initialization in 18 ms
]]></system-out>
  <system-err><![CDATA[]]></system-err>
</testsuite>
