<?xml version="1.0" encoding="UTF-8"?>
<testsuite name="com.singco.springboot.web.PostsApiControllerTest" tests="2" skipped="0" failures="0" errors="0" timestamp="2020-02-23T07:51:49" hostname="Kui-MacBookPro.local" time="0.186">
  <properties/>
  <testcase name="registerPosts" classname="com.singco.springboot.web.PostsApiControllerTest" time="0.154"/>
  <testcase name="modifyPosts" classname="com.singco.springboot.web.PostsApiControllerTest" time="0.032"/>
  <system-out><![CDATA[2020-02-23 16:51:49.613  INFO 3162 --- [    Test worker] .b.t.c.SpringBootTestContextBootstrapper : Neither @ContextConfiguration nor @ContextHierarchy found for test class [com.singco.springboot.web.PostsApiControllerTest], using SpringBootContextLoader
2020-02-23 16:51:49.614  INFO 3162 --- [    Test worker] o.s.t.c.support.AbstractContextLoader    : Could not detect default resource locations for test class [com.singco.springboot.web.PostsApiControllerTest]: no resource found for suffixes {-context.xml, Context.groovy}.
2020-02-23 16:51:49.614  INFO 3162 --- [    Test worker] t.c.s.AnnotationConfigContextLoaderUtils : Could not detect default configuration classes for test class [com.singco.springboot.web.PostsApiControllerTest]: PostsApiControllerTest does not declare any static, non-private, non-final, nested classes annotated with @Configuration.
2020-02-23 16:51:49.616  INFO 3162 --- [    Test worker] .b.t.c.SpringBootTestContextBootstrapper : Found @SpringBootConfiguration com.singco.springboot.Application for test class com.singco.springboot.web.PostsApiControllerTest
2020-02-23 16:51:49.617  INFO 3162 --- [    Test worker] .b.t.c.SpringBootTestContextBootstrapper : Loaded default TestExecutionListener class names from location [META-INF/spring.factories]: [org.springframework.security.test.context.support.WithSecurityContextTestExecutionListener, org.springframework.security.test.context.support.ReactorContextTestExecutionListener, org.springframework.boot.test.autoconfigure.restdocs.RestDocsTestExecutionListener, org.springframework.boot.test.autoconfigure.web.client.MockRestServiceServerResetTestExecutionListener, org.springframework.boot.test.autoconfigure.web.servlet.MockMvcPrintOnlyOnFailureTestExecutionListener, org.springframework.boot.test.autoconfigure.web.servlet.WebDriverTestExecutionListener, org.springframework.boot.test.mock.mockito.MockitoTestExecutionListener, org.springframework.boot.test.mock.mockito.ResetMocksTestExecutionListener, org.springframework.test.context.web.ServletTestExecutionListener, org.springframework.test.context.support.DirtiesContextBeforeModesTestExecutionListener, org.springframework.test.context.support.DependencyInjectionTestExecutionListener, org.springframework.test.context.support.DirtiesContextTestExecutionListener, org.springframework.test.context.transaction.TransactionalTestExecutionListener, org.springframework.test.context.jdbc.SqlScriptsTestExecutionListener]
2020-02-23 16:51:49.617  INFO 3162 --- [    Test worker] .b.t.c.SpringBootTestContextBootstrapper : Using TestExecutionListeners: [org.springframework.test.context.web.ServletTestExecutionListener@ab29c99, org.springframework.test.context.support.DirtiesContextBeforeModesTestExecutionListener@72596a95, org.springframework.boot.test.mock.mockito.MockitoTestExecutionListener@4afaa69, org.springframework.boot.test.autoconfigure.SpringBootDependencyInjectionTestExecutionListener@7196faad, org.springframework.test.context.support.DirtiesContextTestExecutionListener@6f5ee652, org.springframework.test.context.transaction.TransactionalTestExecutionListener@56ea24ee, org.springframework.test.context.jdbc.SqlScriptsTestExecutionListener@2fef20b8, org.springframework.security.test.context.support.WithSecurityContextTestExecutionListener@69eaf47a, org.springframework.security.test.context.support.ReactorContextTestExecutionListener@711ee363, org.springframework.boot.test.autoconfigure.restdocs.RestDocsTestExecutionListener@765464fa, org.springframework.boot.test.autoconfigure.web.client.MockRestServiceServerResetTestExecutionListener@20e86068, org.springframework.boot.test.autoconfigure.web.servlet.MockMvcPrintOnlyOnFailureTestExecutionListener@1e9f092b, org.springframework.boot.test.autoconfigure.web.servlet.WebDriverTestExecutionListener@189cf460, org.springframework.boot.test.mock.mockito.ResetMocksTestExecutionListener@4d3a303d]
2020-02-23 16:51:49.624  INFO 3162 --- [    Test worker] o.a.c.c.C.[Tomcat].[localhost].[/]       : Initializing Spring TestDispatcherServlet ''
2020-02-23 16:51:49.624  INFO 3162 --- [    Test worker] o.s.t.web.servlet.TestDispatcherServlet  : Initializing Servlet ''
2020-02-23 16:51:49.628  INFO 3162 --- [    Test worker] o.s.t.web.servlet.TestDispatcherServlet  : Completed initialization in 4 ms
Hibernate: insert into posts (create_date, modified_date, author, content, title) values (?, ?, ?, ?, ?)
Hibernate: select posts0_.id as id1_0_, posts0_.create_date as create_d2_0_, posts0_.modified_date as modified3_0_, posts0_.author as author4_0_, posts0_.content as content5_0_, posts0_.title as title6_0_ from posts posts0_
Hibernate: select posts0_.id as id1_0_, posts0_.create_date as create_d2_0_, posts0_.modified_date as modified3_0_, posts0_.author as author4_0_, posts0_.content as content5_0_, posts0_.title as title6_0_ from posts posts0_
Hibernate: delete from posts where id=?
2020-02-23 16:51:49.778  INFO 3162 --- [    Test worker] o.a.c.c.C.[Tomcat].[localhost].[/]       : Initializing Spring TestDispatcherServlet ''
2020-02-23 16:51:49.778  INFO 3162 --- [    Test worker] o.s.t.web.servlet.TestDispatcherServlet  : Initializing Servlet ''
2020-02-23 16:51:49.781  INFO 3162 --- [    Test worker] o.s.t.web.servlet.TestDispatcherServlet  : Completed initialization in 3 ms
Hibernate: insert into posts (create_date, modified_date, author, content, title) values (?, ?, ?, ?, ?)
Hibernate: select posts0_.id as id1_0_0_, posts0_.create_date as create_d2_0_0_, posts0_.modified_date as modified3_0_0_, posts0_.author as author4_0_0_, posts0_.content as content5_0_0_, posts0_.title as title6_0_0_ from posts posts0_ where posts0_.id=?
Hibernate: update posts set create_date=?, modified_date=?, author=?, content=?, title=? where id=?
Hibernate: select posts0_.id as id1_0_, posts0_.create_date as create_d2_0_, posts0_.modified_date as modified3_0_, posts0_.author as author4_0_, posts0_.content as content5_0_, posts0_.title as title6_0_ from posts posts0_
Hibernate: select posts0_.id as id1_0_, posts0_.create_date as create_d2_0_, posts0_.modified_date as modified3_0_, posts0_.author as author4_0_, posts0_.content as content5_0_, posts0_.title as title6_0_ from posts posts0_
Hibernate: delete from posts where id=?
]]></system-out>
  <system-err><![CDATA[]]></system-err>
</testsuite>
