<?xml version="1.0" encoding="UTF-8"?>
<testsuite name="com.singco.springboot.web.IndexControllerTest" tests="1" skipped="0" failures="0" errors="0" timestamp="2020-01-07T14:15:06" hostname="Kui-MacBookPro.local" time="0.329">
  <properties/>
  <testcase name="loadingMainPage" classname="com.singco.springboot.web.IndexControllerTest" time="0.329"/>
  <system-out><![CDATA[23:15:02.032 [Test worker] DEBUG org.springframework.test.context.junit4.SpringJUnit4ClassRunner - SpringJUnit4ClassRunner constructor called with [class com.singco.springboot.web.IndexControllerTest]
23:15:02.042 [Test worker] DEBUG org.springframework.test.context.BootstrapUtils - Instantiating CacheAwareContextLoaderDelegate from class [org.springframework.test.context.cache.DefaultCacheAwareContextLoaderDelegate]
23:15:02.049 [Test worker] DEBUG org.springframework.test.context.BootstrapUtils - Instantiating BootstrapContext using constructor [public org.springframework.test.context.support.DefaultBootstrapContext(java.lang.Class,org.springframework.test.context.CacheAwareContextLoaderDelegate)]
23:15:02.066 [Test worker] DEBUG org.springframework.test.context.BootstrapUtils - Instantiating TestContextBootstrapper for test class [com.singco.springboot.web.IndexControllerTest] from class [org.springframework.boot.test.context.SpringBootTestContextBootstrapper]
23:15:02.075 [Test worker] INFO org.springframework.boot.test.context.SpringBootTestContextBootstrapper - Neither @ContextConfiguration nor @ContextHierarchy found for test class [com.singco.springboot.web.IndexControllerTest], using SpringBootContextLoader
23:15:02.078 [Test worker] DEBUG org.springframework.test.context.support.AbstractContextLoader - Did not detect default resource location for test class [com.singco.springboot.web.IndexControllerTest]: class path resource [com/singco/springboot/web/IndexControllerTest-context.xml] does not exist
23:15:02.079 [Test worker] DEBUG org.springframework.test.context.support.AbstractContextLoader - Did not detect default resource location for test class [com.singco.springboot.web.IndexControllerTest]: class path resource [com/singco/springboot/web/IndexControllerTestContext.groovy] does not exist
23:15:02.079 [Test worker] INFO org.springframework.test.context.support.AbstractContextLoader - Could not detect default resource locations for test class [com.singco.springboot.web.IndexControllerTest]: no resource found for suffixes {-context.xml, Context.groovy}.
23:15:02.080 [Test worker] INFO org.springframework.test.context.support.AnnotationConfigContextLoaderUtils - Could not detect default configuration classes for test class [com.singco.springboot.web.IndexControllerTest]: IndexControllerTest does not declare any static, non-private, non-final, nested classes annotated with @Configuration.
23:15:02.112 [Test worker] DEBUG org.springframework.test.context.support.ActiveProfilesUtils - Could not find an 'annotation declaring class' for annotation type [org.springframework.test.context.ActiveProfiles] and class [com.singco.springboot.web.IndexControllerTest]
23:15:02.181 [Test worker] DEBUG org.springframework.context.annotation.ClassPathScanningCandidateComponentProvider - Identified candidate component class: file [/Users/mintune/IdeaProjects/springboot2-webservice/build/classes/java/main/com/singco/springboot/Application.class]
23:15:02.182 [Test worker] INFO org.springframework.boot.test.context.SpringBootTestContextBootstrapper - Found @SpringBootConfiguration com.singco.springboot.Application for test class com.singco.springboot.web.IndexControllerTest
23:15:02.244 [Test worker] DEBUG org.springframework.boot.test.context.SpringBootTestContextBootstrapper - @TestExecutionListeners is not present for class [com.singco.springboot.web.IndexControllerTest]: using defaults.
23:15:02.244 [Test worker] INFO org.springframework.boot.test.context.SpringBootTestContextBootstrapper - Loaded default TestExecutionListener class names from location [META-INF/spring.factories]: [org.springframework.security.test.context.support.WithSecurityContextTestExecutionListener, org.springframework.security.test.context.support.ReactorContextTestExecutionListener, org.springframework.boot.test.autoconfigure.restdocs.RestDocsTestExecutionListener, org.springframework.boot.test.autoconfigure.web.client.MockRestServiceServerResetTestExecutionListener, org.springframework.boot.test.autoconfigure.web.servlet.MockMvcPrintOnlyOnFailureTestExecutionListener, org.springframework.boot.test.autoconfigure.web.servlet.WebDriverTestExecutionListener, org.springframework.boot.test.mock.mockito.MockitoTestExecutionListener, org.springframework.boot.test.mock.mockito.ResetMocksTestExecutionListener, org.springframework.test.context.web.ServletTestExecutionListener, org.springframework.test.context.support.DirtiesContextBeforeModesTestExecutionListener, org.springframework.test.context.support.DependencyInjectionTestExecutionListener, org.springframework.test.context.support.DirtiesContextTestExecutionListener, org.springframework.test.context.transaction.TransactionalTestExecutionListener, org.springframework.test.context.jdbc.SqlScriptsTestExecutionListener]
23:15:02.257 [Test worker] INFO org.springframework.boot.test.context.SpringBootTestContextBootstrapper - Using TestExecutionListeners: [org.springframework.test.context.web.ServletTestExecutionListener@139e8c83, org.springframework.test.context.support.DirtiesContextBeforeModesTestExecutionListener@55f7cf9e, org.springframework.boot.test.mock.mockito.MockitoTestExecutionListener@6d8c1919, org.springframework.boot.test.autoconfigure.SpringBootDependencyInjectionTestExecutionListener@737aa55e, org.springframework.test.context.support.DirtiesContextTestExecutionListener@14e7c526, org.springframework.test.context.transaction.TransactionalTestExecutionListener@7f87731b, org.springframework.test.context.jdbc.SqlScriptsTestExecutionListener@724ef923, org.springframework.security.test.context.support.WithSecurityContextTestExecutionListener@54b8f261, org.springframework.security.test.context.support.ReactorContextTestExecutionListener@7e5cd325, org.springframework.boot.test.autoconfigure.restdocs.RestDocsTestExecutionListener@3a87785e, org.springframework.boot.test.autoconfigure.web.client.MockRestServiceServerResetTestExecutionListener@3f0519cc, org.springframework.boot.test.autoconfigure.web.servlet.MockMvcPrintOnlyOnFailureTestExecutionListener@2c3dcfb7, org.springframework.boot.test.autoconfigure.web.servlet.WebDriverTestExecutionListener@34e0f4ee, org.springframework.boot.test.mock.mockito.ResetMocksTestExecutionListener@35a43fa4]
23:15:02.260 [Test worker] DEBUG org.springframework.test.annotation.ProfileValueUtils - Retrieved @ProfileValueSourceConfiguration [null] for test class [com.singco.springboot.web.IndexControllerTest]
23:15:02.261 [Test worker] DEBUG org.springframework.test.annotation.ProfileValueUtils - Retrieved ProfileValueSource type [class org.springframework.test.annotation.SystemProfileValueSource] for class [com.singco.springboot.web.IndexControllerTest]
23:15:02.264 [Test worker] DEBUG org.springframework.test.annotation.ProfileValueUtils - Retrieved @ProfileValueSourceConfiguration [null] for test class [com.singco.springboot.web.IndexControllerTest]
23:15:02.264 [Test worker] DEBUG org.springframework.test.annotation.ProfileValueUtils - Retrieved ProfileValueSource type [class org.springframework.test.annotation.SystemProfileValueSource] for class [com.singco.springboot.web.IndexControllerTest]
23:15:02.265 [Test worker] DEBUG org.springframework.test.annotation.ProfileValueUtils - Retrieved @ProfileValueSourceConfiguration [null] for test class [com.singco.springboot.web.IndexControllerTest]
23:15:02.265 [Test worker] DEBUG org.springframework.test.annotation.ProfileValueUtils - Retrieved ProfileValueSource type [class org.springframework.test.annotation.SystemProfileValueSource] for class [com.singco.springboot.web.IndexControllerTest]
23:15:02.268 [Test worker] DEBUG org.springframework.test.context.support.AbstractDirtiesContextTestExecutionListener - Before test class: context [DefaultTestContext@5019a6b8 testClass = IndexControllerTest, testInstance = [null], testMethod = [null], testException = [null], mergedContextConfiguration = [WebMergedContextConfiguration@481d5913 testClass = IndexControllerTest, locations = '{}', classes = '{class com.singco.springboot.Application}', contextInitializerClasses = '[]', activeProfiles = '{}', propertySourceLocations = '{}', propertySourceProperties = '{org.springframework.boot.test.context.SpringBootTestContextBootstrapper=true, server.port=0}', contextCustomizers = set[org.springframework.boot.test.autoconfigure.properties.PropertyMappingContextCustomizer@0, org.springframework.boot.test.autoconfigure.web.servlet.WebDriverContextCustomizerFactory$Customizer@721478c1, org.springframework.boot.test.context.filter.ExcludeFilterContextCustomizer@2910e6e, org.springframework.boot.test.json.DuplicateJsonObjectContextCustomizerFactory$DuplicateJsonObjectContextCustomizer@6d6dfe87, org.springframework.boot.test.mock.mockito.MockitoContextCustomizer@0, org.springframework.boot.test.web.client.TestRestTemplateContextCustomizer@5e39274c], resourceBasePath = 'src/main/webapp', contextLoader = 'org.springframework.boot.test.context.SpringBootContextLoader', parent = [null]], attributes = map['org.springframework.test.context.web.ServletTestExecutionListener.activateListener' -> false]], class annotated with @DirtiesContext [false] with mode [null].
23:15:02.268 [Test worker] DEBUG org.springframework.test.annotation.ProfileValueUtils - Retrieved @ProfileValueSourceConfiguration [null] for test class [com.singco.springboot.web.IndexControllerTest]
23:15:02.269 [Test worker] DEBUG org.springframework.test.annotation.ProfileValueUtils - Retrieved ProfileValueSource type [class org.springframework.test.annotation.SystemProfileValueSource] for class [com.singco.springboot.web.IndexControllerTest]
23:15:02.272 [Test worker] DEBUG org.springframework.test.context.support.DependencyInjectionTestExecutionListener - Performing dependency injection for test context [[DefaultTestContext@5019a6b8 testClass = IndexControllerTest, testInstance = com.singco.springboot.web.IndexControllerTest@5eb0ac74, testMethod = [null], testException = [null], mergedContextConfiguration = [WebMergedContextConfiguration@481d5913 testClass = IndexControllerTest, locations = '{}', classes = '{class com.singco.springboot.Application}', contextInitializerClasses = '[]', activeProfiles = '{}', propertySourceLocations = '{}', propertySourceProperties = '{org.springframework.boot.test.context.SpringBootTestContextBootstrapper=true, server.port=0}', contextCustomizers = set[org.springframework.boot.test.autoconfigure.properties.PropertyMappingContextCustomizer@0, org.springframework.boot.test.autoconfigure.web.servlet.WebDriverContextCustomizerFactory$Customizer@721478c1, org.springframework.boot.test.context.filter.ExcludeFilterContextCustomizer@2910e6e, org.springframework.boot.test.json.DuplicateJsonObjectContextCustomizerFactory$DuplicateJsonObjectContextCustomizer@6d6dfe87, org.springframework.boot.test.mock.mockito.MockitoContextCustomizer@0, org.springframework.boot.test.web.client.TestRestTemplateContextCustomizer@5e39274c], resourceBasePath = 'src/main/webapp', contextLoader = 'org.springframework.boot.test.context.SpringBootContextLoader', parent = [null]], attributes = map['org.springframework.test.context.web.ServletTestExecutionListener.activateListener' -> false]]].
23:15:02.287 [Test worker] DEBUG org.springframework.test.context.support.TestPropertySourceUtils - Adding inlined properties to environment: {spring.jmx.enabled=false, org.springframework.boot.test.context.SpringBootTestContextBootstrapper=true, server.port=0}

  .   ____          _            __ _ _
 /\\ / ___'_ __ _ _(_)_ __  __ _ \ \ \ \
( ( )\___ | '_ | '_| | '_ \/ _` | \ \ \ \
 \\/  ___)| |_)| | | | | || (_| |  ) ) ) )
  '  |____| .__|_| |_|_| |_\__, | / / / /
 =========|_|==============|___/=/_/_/_/
 :: Spring Boot ::        (v2.1.7.RELEASE)

2020-01-07 23:15:02.502  INFO 5161 --- [    Test worker] c.s.springboot.web.IndexControllerTest   : Starting IndexControllerTest on Kui-MacBookPro.local with PID 5161 (started by mintune in /Users/mintune/IdeaProjects/springboot2-webservice)
2020-01-07 23:15:02.503  INFO 5161 --- [    Test worker] c.s.springboot.web.IndexControllerTest   : No active profile set, falling back to default profiles: default
2020-01-07 23:15:03.100  INFO 5161 --- [    Test worker] .s.d.r.c.RepositoryConfigurationDelegate : Bootstrapping Spring Data repositories in DEFAULT mode.
2020-01-07 23:15:03.162  INFO 5161 --- [    Test worker] .s.d.r.c.RepositoryConfigurationDelegate : Finished Spring Data repository scanning in 55ms. Found 2 repository interfaces.
2020-01-07 23:15:03.612  INFO 5161 --- [    Test worker] trationDelegate$BeanPostProcessorChecker : Bean 'org.springframework.transaction.annotation.ProxyTransactionManagementConfiguration' of type [org.springframework.transaction.annotation.ProxyTransactionManagementConfiguration$$EnhancerBySpringCGLIB$$cb9f4db0] is not eligible for getting processed by all BeanPostProcessors (for example: not eligible for auto-proxying)
2020-01-07 23:15:03.915  INFO 5161 --- [    Test worker] o.s.b.w.embedded.tomcat.TomcatWebServer  : Tomcat initialized with port(s): 0 (http)
2020-01-07 23:15:03.941  INFO 5161 --- [    Test worker] o.apache.catalina.core.StandardService   : Starting service [Tomcat]
2020-01-07 23:15:03.941  INFO 5161 --- [    Test worker] org.apache.catalina.core.StandardEngine  : Starting Servlet engine: [Apache Tomcat/9.0.22]
2020-01-07 23:15:04.061  INFO 5161 --- [    Test worker] o.a.c.c.C.[Tomcat].[localhost].[/]       : Initializing Spring embedded WebApplicationContext
2020-01-07 23:15:04.062  INFO 5161 --- [    Test worker] o.s.web.context.ContextLoader            : Root WebApplicationContext: initialization completed in 1544 ms
2020-01-07 23:15:04.272  INFO 5161 --- [    Test worker] com.zaxxer.hikari.HikariDataSource       : HikariPool-1 - Starting...
2020-01-07 23:15:04.417  INFO 5161 --- [    Test worker] com.zaxxer.hikari.HikariDataSource       : HikariPool-1 - Start completed.
2020-01-07 23:15:04.500  INFO 5161 --- [    Test worker] o.hibernate.jpa.internal.util.LogHelper  : HHH000204: Processing PersistenceUnitInfo [
	name: default
	...]
2020-01-07 23:15:04.564  INFO 5161 --- [    Test worker] org.hibernate.Version                    : HHH000412: Hibernate Core {5.3.10.Final}
2020-01-07 23:15:04.565  INFO 5161 --- [    Test worker] org.hibernate.cfg.Environment            : HHH000206: hibernate.properties not found
2020-01-07 23:15:04.695  INFO 5161 --- [    Test worker] o.hibernate.annotations.common.Version   : HCANN000001: Hibernate Commons Annotations {5.0.4.Final}
2020-01-07 23:15:04.813  INFO 5161 --- [    Test worker] org.hibernate.dialect.Dialect            : HHH000400: Using dialect: org.hibernate.dialect.MySQL5InnoDBDialect
Hibernate: drop table if exists posts
Hibernate: drop table if exists user
Hibernate: create table posts (id bigint not null auto_increment, create_date datetime, modified_date datetime, author varchar(255), content TEXT not null, title varchar(500) not null, primary key (id)) engine=InnoDB
Hibernate: create table user (id bigint not null auto_increment, create_date datetime, modified_date datetime, email varchar(255) not null, name varchar(255) not null, picture varchar(255), role varchar(255) not null, primary key (id)) engine=InnoDB
2020-01-07 23:15:05.381  INFO 5161 --- [    Test worker] o.h.t.schema.internal.SchemaCreatorImpl  : HHH000476: Executing import script 'org.hibernate.tool.schema.internal.exec.ScriptSourceInputNonExistentImpl@fe090c0'
2020-01-07 23:15:05.384  INFO 5161 --- [    Test worker] j.LocalContainerEntityManagerFactoryBean : Initialized JPA EntityManagerFactory for persistence unit 'default'
2020-01-07 23:15:05.919  INFO 5161 --- [    Test worker] o.h.h.i.QueryTranslatorFactoryInitiator  : HHH000397: Using ASTQueryTranslatorFactory
2020-01-07 23:15:06.275  INFO 5161 --- [    Test worker] o.s.s.web.DefaultSecurityFilterChain     : Creating filter chain: any request, [org.springframework.security.web.context.request.async.WebAsyncManagerIntegrationFilter@2455b1ea, org.springframework.security.web.context.SecurityContextPersistenceFilter@225d918f, org.springframework.security.web.header.HeaderWriterFilter@65149355, org.springframework.security.web.authentication.logout.LogoutFilter@37df4e25, org.springframework.security.oauth2.client.web.OAuth2AuthorizationRequestRedirectFilter@5236cfbb, org.springframework.security.oauth2.client.web.OAuth2LoginAuthenticationFilter@407fb60b, org.springframework.security.web.authentication.ui.DefaultLoginPageGeneratingFilter@13dfa6cd, org.springframework.security.web.authentication.ui.DefaultLogoutPageGeneratingFilter@7418b071, org.springframework.security.web.savedrequest.RequestCacheAwareFilter@134c7b01, org.springframework.security.web.servletapi.SecurityContextHolderAwareRequestFilter@120df16c, org.springframework.security.web.authentication.AnonymousAuthenticationFilter@40b87905, org.springframework.security.web.session.SessionManagementFilter@77cd0d27, org.springframework.security.web.access.ExceptionTranslationFilter@2b2235b4, org.springframework.security.web.access.intercept.FilterSecurityInterceptor@45ddb8e7]
2020-01-07 23:15:06.523  INFO 5161 --- [    Test worker] o.s.s.concurrent.ThreadPoolTaskExecutor  : Initializing ExecutorService 'applicationTaskExecutor'
2020-01-07 23:15:06.568  WARN 5161 --- [    Test worker] aWebConfiguration$JpaWebMvcConfiguration : spring.jpa.open-in-view is enabled by default. Therefore, database queries may be performed during view rendering. Explicitly configure spring.jpa.open-in-view to disable this warning
2020-01-07 23:15:06.610  INFO 5161 --- [    Test worker] o.s.b.a.w.s.WelcomePageHandlerMapping    : Adding welcome page template: index
2020-01-07 23:15:06.902  INFO 5161 --- [    Test worker] s.a.ScheduledAnnotationBeanPostProcessor : No TaskScheduler/ScheduledExecutorService bean found for scheduled processing
2020-01-07 23:15:06.924  INFO 5161 --- [    Test worker] o.s.b.w.embedded.tomcat.TomcatWebServer  : Tomcat started on port(s): 58599 (http) with context path ''
2020-01-07 23:15:06.928  INFO 5161 --- [    Test worker] c.s.springboot.web.IndexControllerTest   : Started IndexControllerTest in 4.637 seconds (JVM running for 5.422)
2020-01-07 23:15:07.090  INFO 5161 --- [o-auto-1-exec-1] o.a.c.c.C.[Tomcat].[localhost].[/]       : Initializing Spring DispatcherServlet 'dispatcherServlet'
2020-01-07 23:15:07.090  INFO 5161 --- [o-auto-1-exec-1] o.s.web.servlet.DispatcherServlet        : Initializing Servlet 'dispatcherServlet'
2020-01-07 23:15:07.110  INFO 5161 --- [o-auto-1-exec-1] o.s.web.servlet.DispatcherServlet        : Completed initialization in 20 ms
Hibernate: select posts0_.id as id1_0_, posts0_.create_date as create_d2_0_, posts0_.modified_date as modified3_0_, posts0_.author as author4_0_, posts0_.content as content5_0_, posts0_.title as title6_0_ from posts posts0_ order by posts0_.id DESC
]]></system-out>
  <system-err><![CDATA[]]></system-err>
</testsuite>
