<?xml version="1.0" encoding="UTF-8"?>
<testsuite name="com.singco.springboot.domain.posts.PostsRepositoryTest" tests="2" skipped="0" failures="0" errors="0" timestamp="2020-01-04T13:38:21" hostname="Kui-MacBookPro.local" time="0.033">
  <properties/>
  <testcase name="registerBaseTimeEntity" classname="com.singco.springboot.domain.posts.PostsRepositoryTest" time="0.021"/>
  <testcase name="getPosts" classname="com.singco.springboot.domain.posts.PostsRepositoryTest" time="0.011"/>
  <system-out><![CDATA[2020-01-04 22:38:20.055  INFO 33367 --- [    Test worker] .b.t.c.SpringBootTestContextBootstrapper : Neither @ContextConfiguration nor @ContextHierarchy found for test class [com.singco.springboot.domain.posts.PostsRepositoryTest], using SpringBootContextLoader
2020-01-04 22:38:20.056  INFO 33367 --- [    Test worker] o.s.t.c.support.AbstractContextLoader    : Could not detect default resource locations for test class [com.singco.springboot.domain.posts.PostsRepositoryTest]: no resource found for suffixes {-context.xml, Context.groovy}.
2020-01-04 22:38:20.057  INFO 33367 --- [    Test worker] t.c.s.AnnotationConfigContextLoaderUtils : Could not detect default configuration classes for test class [com.singco.springboot.domain.posts.PostsRepositoryTest]: PostsRepositoryTest does not declare any static, non-private, non-final, nested classes annotated with @Configuration.
2020-01-04 22:38:20.065  INFO 33367 --- [    Test worker] .b.t.c.SpringBootTestContextBootstrapper : Found @SpringBootConfiguration com.singco.springboot.Application for test class com.singco.springboot.domain.posts.PostsRepositoryTest
2020-01-04 22:38:20.066  INFO 33367 --- [    Test worker] .b.t.c.SpringBootTestContextBootstrapper : Loaded default TestExecutionListener class names from location [META-INF/spring.factories]: [org.springframework.security.test.context.support.WithSecurityContextTestExecutionListener, org.springframework.security.test.context.support.ReactorContextTestExecutionListener, org.springframework.boot.test.autoconfigure.restdocs.RestDocsTestExecutionListener, org.springframework.boot.test.autoconfigure.web.client.MockRestServiceServerResetTestExecutionListener, org.springframework.boot.test.autoconfigure.web.servlet.MockMvcPrintOnlyOnFailureTestExecutionListener, org.springframework.boot.test.autoconfigure.web.servlet.WebDriverTestExecutionListener, org.springframework.boot.test.mock.mockito.MockitoTestExecutionListener, org.springframework.boot.test.mock.mockito.ResetMocksTestExecutionListener, org.springframework.test.context.web.ServletTestExecutionListener, org.springframework.test.context.support.DirtiesContextBeforeModesTestExecutionListener, org.springframework.test.context.support.DependencyInjectionTestExecutionListener, org.springframework.test.context.support.DirtiesContextTestExecutionListener, org.springframework.test.context.transaction.TransactionalTestExecutionListener, org.springframework.test.context.jdbc.SqlScriptsTestExecutionListener]
2020-01-04 22:38:20.067  INFO 33367 --- [    Test worker] .b.t.c.SpringBootTestContextBootstrapper : Using TestExecutionListeners: [org.springframework.test.context.web.ServletTestExecutionListener@5d815125, org.springframework.test.context.support.DirtiesContextBeforeModesTestExecutionListener@58566970, org.springframework.boot.test.mock.mockito.MockitoTestExecutionListener@13974949, org.springframework.boot.test.autoconfigure.SpringBootDependencyInjectionTestExecutionListener@7e71ebb8, org.springframework.test.context.support.DirtiesContextTestExecutionListener@292e952a, org.springframework.test.context.transaction.TransactionalTestExecutionListener@42586496, org.springframework.test.context.jdbc.SqlScriptsTestExecutionListener@6b2cb095, org.springframework.security.test.context.support.WithSecurityContextTestExecutionListener@1af1aa63, org.springframework.security.test.context.support.ReactorContextTestExecutionListener@472bebd2, org.springframework.boot.test.autoconfigure.restdocs.RestDocsTestExecutionListener@46d64b75, org.springframework.boot.test.autoconfigure.web.client.MockRestServiceServerResetTestExecutionListener@48f0e322, org.springframework.boot.test.autoconfigure.web.servlet.MockMvcPrintOnlyOnFailureTestExecutionListener@5fc5faed, org.springframework.boot.test.autoconfigure.web.servlet.WebDriverTestExecutionListener@47a8efbc, org.springframework.boot.test.mock.mockito.ResetMocksTestExecutionListener@335199df]

  .   ____          _            __ _ _
 /\\ / ___'_ __ _ _(_)_ __  __ _ \ \ \ \
( ( )\___ | '_ | '_| | '_ \/ _` | \ \ \ \
 \\/  ___)| |_)| | | | | || (_| |  ) ) ) )
  '  |____| .__|_| |_|_| |_\__, | / / / /
 =========|_|==============|___/=/_/_/_/
 :: Spring Boot ::        (v2.1.7.RELEASE)

2020-01-04 22:38:20.094  INFO 33367 --- [    Test worker] c.s.s.domain.posts.PostsRepositoryTest   : Starting PostsRepositoryTest on Kui-MacBookPro.local with PID 33367 (started by mintune in /Users/mintune/IdeaProjects/springboot2-webservice)
2020-01-04 22:38:20.094  INFO 33367 --- [    Test worker] c.s.s.domain.posts.PostsRepositoryTest   : No active profile set, falling back to default profiles: default
2020-01-04 22:38:20.269  INFO 33367 --- [    Test worker] .s.d.r.c.RepositoryConfigurationDelegate : Bootstrapping Spring Data repositories in DEFAULT mode.
2020-01-04 22:38:20.282  INFO 33367 --- [    Test worker] .s.d.r.c.RepositoryConfigurationDelegate : Finished Spring Data repository scanning in 13ms. Found 2 repository interfaces.
2020-01-04 22:38:20.356  INFO 33367 --- [    Test worker] trationDelegate$BeanPostProcessorChecker : Bean 'org.springframework.transaction.annotation.ProxyTransactionManagementConfiguration' of type [org.springframework.transaction.annotation.ProxyTransactionManagementConfiguration$$EnhancerBySpringCGLIB$$4afba4e7] is not eligible for getting processed by all BeanPostProcessors (for example: not eligible for auto-proxying)
2020-01-04 22:38:20.412  INFO 33367 --- [    Test worker] com.zaxxer.hikari.HikariDataSource       : HikariPool-2 - Starting...
2020-01-04 22:38:20.413  INFO 33367 --- [    Test worker] com.zaxxer.hikari.HikariDataSource       : HikariPool-2 - Start completed.
2020-01-04 22:38:20.429  INFO 33367 --- [    Test worker] o.hibernate.jpa.internal.util.LogHelper  : HHH000204: Processing PersistenceUnitInfo [
	name: default
	...]
2020-01-04 22:38:20.434  INFO 33367 --- [    Test worker] org.hibernate.dialect.Dialect            : HHH000400: Using dialect: org.hibernate.dialect.MySQL5InnoDBDialect
Hibernate: drop table if exists posts
Hibernate: drop table if exists user
Hibernate: create table posts (id bigint not null auto_increment, create_date datetime, modified_date datetime, author varchar(255), content TEXT not null, title varchar(500) not null, primary key (id)) engine=InnoDB
Hibernate: create table user (id bigint not null auto_increment, create_date datetime, modified_date datetime, email varchar(255) not null, name varchar(255) not null, picture varchar(255), role varchar(255) not null, primary key (id)) engine=InnoDB
2020-01-04 22:38:20.470  INFO 33367 --- [    Test worker] o.h.t.schema.internal.SchemaCreatorImpl  : HHH000476: Executing import script 'org.hibernate.tool.schema.internal.exec.ScriptSourceInputNonExistentImpl@15ed9187'
2020-01-04 22:38:20.470  INFO 33367 --- [    Test worker] j.LocalContainerEntityManagerFactoryBean : Initialized JPA EntityManagerFactory for persistence unit 'default'
2020-01-04 22:38:20.598  INFO 33367 --- [    Test worker] o.h.h.i.QueryTranslatorFactoryInitiator  : HHH000397: Using ASTQueryTranslatorFactory
2020-01-04 22:38:20.685  INFO 33367 --- [    Test worker] o.s.s.web.DefaultSecurityFilterChain     : Creating filter chain: any request, [org.springframework.security.web.context.request.async.WebAsyncManagerIntegrationFilter@49016e7e, org.springframework.security.web.context.SecurityContextPersistenceFilter@32159e07, org.springframework.security.web.header.HeaderWriterFilter@10658dfb, org.springframework.security.web.authentication.logout.LogoutFilter@480118e7, org.springframework.security.oauth2.client.web.OAuth2AuthorizationRequestRedirectFilter@11ba9e7b, org.springframework.security.oauth2.client.web.OAuth2LoginAuthenticationFilter@4292e82e, org.springframework.security.web.authentication.ui.DefaultLoginPageGeneratingFilter@56fa5199, org.springframework.security.web.authentication.ui.DefaultLogoutPageGeneratingFilter@79e57e8c, org.springframework.security.web.savedrequest.RequestCacheAwareFilter@2410d996, org.springframework.security.web.servletapi.SecurityContextHolderAwareRequestFilter@182692ba, org.springframework.security.web.authentication.AnonymousAuthenticationFilter@3ce96e8d, org.springframework.security.web.session.SessionManagementFilter@6145eae5, org.springframework.security.web.access.ExceptionTranslationFilter@2847ca91, org.springframework.security.web.access.intercept.FilterSecurityInterceptor@75f8b59f]
2020-01-04 22:38:20.860  INFO 33367 --- [    Test worker] o.s.s.concurrent.ThreadPoolTaskExecutor  : Initializing ExecutorService 'applicationTaskExecutor'
2020-01-04 22:38:20.868  WARN 33367 --- [    Test worker] aWebConfiguration$JpaWebMvcConfiguration : spring.jpa.open-in-view is enabled by default. Therefore, database queries may be performed during view rendering. Explicitly configure spring.jpa.open-in-view to disable this warning
2020-01-04 22:38:20.886  INFO 33367 --- [    Test worker] o.s.b.a.w.s.WelcomePageHandlerMapping    : Adding welcome page template: index
2020-01-04 22:38:21.122  INFO 33367 --- [    Test worker] s.a.ScheduledAnnotationBeanPostProcessor : No TaskScheduler/ScheduledExecutorService bean found for scheduled processing
2020-01-04 22:38:21.124  INFO 33367 --- [    Test worker] c.s.s.domain.posts.PostsRepositoryTest   : Started PostsRepositoryTest in 1.056 seconds (JVM running for 9.06)
Hibernate: insert into posts (create_date, modified_date, author, content, title) values (?, ?, ?, ?, ?)
Hibernate: select posts0_.id as id1_0_, posts0_.create_date as create_d2_0_, posts0_.modified_date as modified3_0_, posts0_.author as author4_0_, posts0_.content as content5_0_, posts0_.title as title6_0_ from posts posts0_
>>>>>>> createDate=2020-01-04T22:38:21.136463, modifiedDate=2020-01-04T22:38:21.136463
Hibernate: select posts0_.id as id1_0_, posts0_.create_date as create_d2_0_, posts0_.modified_date as modified3_0_, posts0_.author as author4_0_, posts0_.content as content5_0_, posts0_.title as title6_0_ from posts posts0_
Hibernate: delete from posts where id=?
Hibernate: insert into posts (create_date, modified_date, author, content, title) values (?, ?, ?, ?, ?)
Hibernate: select posts0_.id as id1_0_, posts0_.create_date as create_d2_0_, posts0_.modified_date as modified3_0_, posts0_.author as author4_0_, posts0_.content as content5_0_, posts0_.title as title6_0_ from posts posts0_
Hibernate: select posts0_.id as id1_0_, posts0_.create_date as create_d2_0_, posts0_.modified_date as modified3_0_, posts0_.author as author4_0_, posts0_.content as content5_0_, posts0_.title as title6_0_ from posts posts0_
Hibernate: delete from posts where id=?
]]></system-out>
  <system-err><![CDATA[]]></system-err>
</testsuite>
