<?xml version="1.0" encoding="UTF-8"?>
<testsuite name="com.singco.springboot.web.IndexControllerTest" tests="1" skipped="0" failures="0" errors="0" timestamp="2020-01-08T03:25:28" hostname="Kui-MacBookPro.local" time="0.083">
  <properties/>
  <testcase name="loadingMainPage" classname="com.singco.springboot.web.IndexControllerTest" time="0.083"/>
  <system-out><![CDATA[2020-01-08 12:25:28.050  INFO 6711 --- [    Test worker] .b.t.c.SpringBootTestContextBootstrapper : Neither @ContextConfiguration nor @ContextHierarchy found for test class [com.singco.springboot.web.IndexControllerTest], using SpringBootContextLoader
2020-01-08 12:25:28.051  INFO 6711 --- [    Test worker] o.s.t.c.support.AbstractContextLoader    : Could not detect default resource locations for test class [com.singco.springboot.web.IndexControllerTest]: no resource found for suffixes {-context.xml, Context.groovy}.
2020-01-08 12:25:28.051  INFO 6711 --- [    Test worker] t.c.s.AnnotationConfigContextLoaderUtils : Could not detect default configuration classes for test class [com.singco.springboot.web.IndexControllerTest]: IndexControllerTest does not declare any static, non-private, non-final, nested classes annotated with @Configuration.
2020-01-08 12:25:28.052  INFO 6711 --- [    Test worker] .b.t.c.SpringBootTestContextBootstrapper : Found @SpringBootConfiguration com.singco.springboot.Application for test class com.singco.springboot.web.IndexControllerTest
2020-01-08 12:25:28.053  INFO 6711 --- [    Test worker] .b.t.c.SpringBootTestContextBootstrapper : Loaded default TestExecutionListener class names from location [META-INF/spring.factories]: [org.springframework.security.test.context.support.WithSecurityContextTestExecutionListener, org.springframework.security.test.context.support.ReactorContextTestExecutionListener, org.springframework.boot.test.autoconfigure.restdocs.RestDocsTestExecutionListener, org.springframework.boot.test.autoconfigure.web.client.MockRestServiceServerResetTestExecutionListener, org.springframework.boot.test.autoconfigure.web.servlet.MockMvcPrintOnlyOnFailureTestExecutionListener, org.springframework.boot.test.autoconfigure.web.servlet.WebDriverTestExecutionListener, org.springframework.boot.test.mock.mockito.MockitoTestExecutionListener, org.springframework.boot.test.mock.mockito.ResetMocksTestExecutionListener, org.springframework.test.context.web.ServletTestExecutionListener, org.springframework.test.context.support.DirtiesContextBeforeModesTestExecutionListener, org.springframework.test.context.support.DependencyInjectionTestExecutionListener, org.springframework.test.context.support.DirtiesContextTestExecutionListener, org.springframework.test.context.transaction.TransactionalTestExecutionListener, org.springframework.test.context.jdbc.SqlScriptsTestExecutionListener]
2020-01-08 12:25:28.054  INFO 6711 --- [    Test worker] .b.t.c.SpringBootTestContextBootstrapper : Using TestExecutionListeners: [org.springframework.test.context.web.ServletTestExecutionListener@58f454ba, org.springframework.test.context.support.DirtiesContextBeforeModesTestExecutionListener@70f0efad, org.springframework.boot.test.mock.mockito.MockitoTestExecutionListener@20be050d, org.springframework.boot.test.autoconfigure.SpringBootDependencyInjectionTestExecutionListener@57d5ab49, org.springframework.test.context.support.DirtiesContextTestExecutionListener@2dfe748d, org.springframework.test.context.transaction.TransactionalTestExecutionListener@5a047b18, org.springframework.test.context.jdbc.SqlScriptsTestExecutionListener@ac28b38, org.springframework.security.test.context.support.WithSecurityContextTestExecutionListener@70b7e6ca, org.springframework.security.test.context.support.ReactorContextTestExecutionListener@2e33be4d, org.springframework.boot.test.autoconfigure.restdocs.RestDocsTestExecutionListener@5796dc28, org.springframework.boot.test.autoconfigure.web.client.MockRestServiceServerResetTestExecutionListener@491306a9, org.springframework.boot.test.autoconfigure.web.servlet.MockMvcPrintOnlyOnFailureTestExecutionListener@6dd38f7, org.springframework.boot.test.autoconfigure.web.servlet.WebDriverTestExecutionListener@35af2fb7, org.springframework.boot.test.mock.mockito.ResetMocksTestExecutionListener@5439d2b6]
Hibernate: select posts0_.id as id1_0_, posts0_.create_date as create_d2_0_, posts0_.modified_date as modified3_0_, posts0_.author as author4_0_, posts0_.content as content5_0_, posts0_.title as title6_0_ from posts posts0_ order by posts0_.id DESC
]]></system-out>
  <system-err><![CDATA[]]></system-err>
</testsuite>
