<?xml version="1.0" encoding="UTF-8"?>
<testsuite name="com.singco.springboot.web.IndexControllerTest" tests="1" skipped="0" failures="0" errors="0" timestamp="2020-02-23T07:51:49" hostname="Kui-MacBookPro.local" time="0.077">
  <properties/>
  <testcase name="loadingMainPage" classname="com.singco.springboot.web.IndexControllerTest" time="0.077"/>
  <system-out><![CDATA[2020-02-23 16:51:49.528  INFO 3162 --- [    Test worker] .b.t.c.SpringBootTestContextBootstrapper : Neither @ContextConfiguration nor @ContextHierarchy found for test class [com.singco.springboot.web.IndexControllerTest], using SpringBootContextLoader
2020-02-23 16:51:49.528  INFO 3162 --- [    Test worker] o.s.t.c.support.AbstractContextLoader    : Could not detect default resource locations for test class [com.singco.springboot.web.IndexControllerTest]: no resource found for suffixes {-context.xml, Context.groovy}.
2020-02-23 16:51:49.528  INFO 3162 --- [    Test worker] t.c.s.AnnotationConfigContextLoaderUtils : Could not detect default configuration classes for test class [com.singco.springboot.web.IndexControllerTest]: IndexControllerTest does not declare any static, non-private, non-final, nested classes annotated with @Configuration.
2020-02-23 16:51:49.529  INFO 3162 --- [    Test worker] .b.t.c.SpringBootTestContextBootstrapper : Found @SpringBootConfiguration com.singco.springboot.Application for test class com.singco.springboot.web.IndexControllerTest
2020-02-23 16:51:49.530  INFO 3162 --- [    Test worker] .b.t.c.SpringBootTestContextBootstrapper : Loaded default TestExecutionListener class names from location [META-INF/spring.factories]: [org.springframework.security.test.context.support.WithSecurityContextTestExecutionListener, org.springframework.security.test.context.support.ReactorContextTestExecutionListener, org.springframework.boot.test.autoconfigure.restdocs.RestDocsTestExecutionListener, org.springframework.boot.test.autoconfigure.web.client.MockRestServiceServerResetTestExecutionListener, org.springframework.boot.test.autoconfigure.web.servlet.MockMvcPrintOnlyOnFailureTestExecutionListener, org.springframework.boot.test.autoconfigure.web.servlet.WebDriverTestExecutionListener, org.springframework.boot.test.mock.mockito.MockitoTestExecutionListener, org.springframework.boot.test.mock.mockito.ResetMocksTestExecutionListener, org.springframework.test.context.web.ServletTestExecutionListener, org.springframework.test.context.support.DirtiesContextBeforeModesTestExecutionListener, org.springframework.test.context.support.DependencyInjectionTestExecutionListener, org.springframework.test.context.support.DirtiesContextTestExecutionListener, org.springframework.test.context.transaction.TransactionalTestExecutionListener, org.springframework.test.context.jdbc.SqlScriptsTestExecutionListener]
2020-02-23 16:51:49.531  INFO 3162 --- [    Test worker] .b.t.c.SpringBootTestContextBootstrapper : Using TestExecutionListeners: [org.springframework.test.context.web.ServletTestExecutionListener@51deb857, org.springframework.test.context.support.DirtiesContextBeforeModesTestExecutionListener@e81b8ab, org.springframework.boot.test.mock.mockito.MockitoTestExecutionListener@111ba317, org.springframework.boot.test.autoconfigure.SpringBootDependencyInjectionTestExecutionListener@526b43a, org.springframework.test.context.support.DirtiesContextTestExecutionListener@219eb8c9, org.springframework.test.context.transaction.TransactionalTestExecutionListener@22d918b1, org.springframework.test.context.jdbc.SqlScriptsTestExecutionListener@6e1604e6, org.springframework.security.test.context.support.WithSecurityContextTestExecutionListener@5e21fa7a, org.springframework.security.test.context.support.ReactorContextTestExecutionListener@aad5987, org.springframework.boot.test.autoconfigure.restdocs.RestDocsTestExecutionListener@605bc4f3, org.springframework.boot.test.autoconfigure.web.client.MockRestServiceServerResetTestExecutionListener@3e34cd2a, org.springframework.boot.test.autoconfigure.web.servlet.MockMvcPrintOnlyOnFailureTestExecutionListener@6f9712bc, org.springframework.boot.test.autoconfigure.web.servlet.WebDriverTestExecutionListener@f161fa8, org.springframework.boot.test.mock.mockito.ResetMocksTestExecutionListener@31d42ee5]
Hibernate: select posts0_.id as id1_0_, posts0_.create_date as create_d2_0_, posts0_.modified_date as modified3_0_, posts0_.author as author4_0_, posts0_.content as content5_0_, posts0_.title as title6_0_ from posts posts0_ order by posts0_.id DESC
]]></system-out>
  <system-err><![CDATA[]]></system-err>
</testsuite>
