<?xml version="1.0" encoding="UTF-8"?>
<testsuite name="com.singco.springboot.web.PostsApiControllerTest" tests="2" skipped="0" failures="0" errors="0" timestamp="2020-01-04T13:38:19" hostname="Kui-MacBookPro.local" time="0.219">
  <properties/>
  <testcase name="registerPosts" classname="com.singco.springboot.web.PostsApiControllerTest" time="0.179"/>
  <testcase name="modifyPosts" classname="com.singco.springboot.web.PostsApiControllerTest" time="0.039"/>
  <system-out><![CDATA[2020-01-04 22:38:19.826  INFO 33367 --- [    Test worker] .b.t.c.SpringBootTestContextBootstrapper : Neither @ContextConfiguration nor @ContextHierarchy found for test class [com.singco.springboot.web.PostsApiControllerTest], using SpringBootContextLoader
2020-01-04 22:38:19.826  INFO 33367 --- [    Test worker] o.s.t.c.support.AbstractContextLoader    : Could not detect default resource locations for test class [com.singco.springboot.web.PostsApiControllerTest]: no resource found for suffixes {-context.xml, Context.groovy}.
2020-01-04 22:38:19.827  INFO 33367 --- [    Test worker] t.c.s.AnnotationConfigContextLoaderUtils : Could not detect default configuration classes for test class [com.singco.springboot.web.PostsApiControllerTest]: PostsApiControllerTest does not declare any static, non-private, non-final, nested classes annotated with @Configuration.
2020-01-04 22:38:19.828  INFO 33367 --- [    Test worker] .b.t.c.SpringBootTestContextBootstrapper : Found @SpringBootConfiguration com.singco.springboot.Application for test class com.singco.springboot.web.PostsApiControllerTest
2020-01-04 22:38:19.829  INFO 33367 --- [    Test worker] .b.t.c.SpringBootTestContextBootstrapper : Loaded default TestExecutionListener class names from location [META-INF/spring.factories]: [org.springframework.security.test.context.support.WithSecurityContextTestExecutionListener, org.springframework.security.test.context.support.ReactorContextTestExecutionListener, org.springframework.boot.test.autoconfigure.restdocs.RestDocsTestExecutionListener, org.springframework.boot.test.autoconfigure.web.client.MockRestServiceServerResetTestExecutionListener, org.springframework.boot.test.autoconfigure.web.servlet.MockMvcPrintOnlyOnFailureTestExecutionListener, org.springframework.boot.test.autoconfigure.web.servlet.WebDriverTestExecutionListener, org.springframework.boot.test.mock.mockito.MockitoTestExecutionListener, org.springframework.boot.test.mock.mockito.ResetMocksTestExecutionListener, org.springframework.test.context.web.ServletTestExecutionListener, org.springframework.test.context.support.DirtiesContextBeforeModesTestExecutionListener, org.springframework.test.context.support.DependencyInjectionTestExecutionListener, org.springframework.test.context.support.DirtiesContextTestExecutionListener, org.springframework.test.context.transaction.TransactionalTestExecutionListener, org.springframework.test.context.jdbc.SqlScriptsTestExecutionListener]
2020-01-04 22:38:19.830  INFO 33367 --- [    Test worker] .b.t.c.SpringBootTestContextBootstrapper : Using TestExecutionListeners: [org.springframework.test.context.web.ServletTestExecutionListener@d14d944, org.springframework.test.context.support.DirtiesContextBeforeModesTestExecutionListener@6fe16c3f, org.springframework.boot.test.mock.mockito.MockitoTestExecutionListener@5be22a7d, org.springframework.boot.test.autoconfigure.SpringBootDependencyInjectionTestExecutionListener@355a417a, org.springframework.test.context.support.DirtiesContextTestExecutionListener@1eaf706c, org.springframework.test.context.transaction.TransactionalTestExecutionListener@7acb7712, org.springframework.test.context.jdbc.SqlScriptsTestExecutionListener@30300bf4, org.springframework.security.test.context.support.WithSecurityContextTestExecutionListener@5706cd19, org.springframework.security.test.context.support.ReactorContextTestExecutionListener@32cffb85, org.springframework.boot.test.autoconfigure.restdocs.RestDocsTestExecutionListener@139d7929, org.springframework.boot.test.autoconfigure.web.client.MockRestServiceServerResetTestExecutionListener@2342af05, org.springframework.boot.test.autoconfigure.web.servlet.MockMvcPrintOnlyOnFailureTestExecutionListener@424dc071, org.springframework.boot.test.autoconfigure.web.servlet.WebDriverTestExecutionListener@f93086e, org.springframework.boot.test.mock.mockito.ResetMocksTestExecutionListener@77bf7c84]
2020-01-04 22:38:19.838  INFO 33367 --- [    Test worker] o.a.c.c.C.[Tomcat].[localhost].[/]       : Initializing Spring TestDispatcherServlet ''
2020-01-04 22:38:19.838  INFO 33367 --- [    Test worker] o.s.t.web.servlet.TestDispatcherServlet  : Initializing Servlet ''
2020-01-04 22:38:19.842  INFO 33367 --- [    Test worker] o.s.t.web.servlet.TestDispatcherServlet  : Completed initialization in 3 ms
Hibernate: insert into posts (create_date, modified_date, author, content, title) values (?, ?, ?, ?, ?)
Hibernate: select posts0_.id as id1_0_, posts0_.create_date as create_d2_0_, posts0_.modified_date as modified3_0_, posts0_.author as author4_0_, posts0_.content as content5_0_, posts0_.title as title6_0_ from posts posts0_
Hibernate: select posts0_.id as id1_0_, posts0_.create_date as create_d2_0_, posts0_.modified_date as modified3_0_, posts0_.author as author4_0_, posts0_.content as content5_0_, posts0_.title as title6_0_ from posts posts0_
Hibernate: delete from posts where id=?
2020-01-04 22:38:20.016  INFO 33367 --- [    Test worker] o.a.c.c.C.[Tomcat].[localhost].[/]       : Initializing Spring TestDispatcherServlet ''
2020-01-04 22:38:20.016  INFO 33367 --- [    Test worker] o.s.t.web.servlet.TestDispatcherServlet  : Initializing Servlet ''
2020-01-04 22:38:20.020  INFO 33367 --- [    Test worker] o.s.t.web.servlet.TestDispatcherServlet  : Completed initialization in 3 ms
Hibernate: insert into posts (create_date, modified_date, author, content, title) values (?, ?, ?, ?, ?)
Hibernate: select posts0_.id as id1_0_0_, posts0_.create_date as create_d2_0_0_, posts0_.modified_date as modified3_0_0_, posts0_.author as author4_0_0_, posts0_.content as content5_0_0_, posts0_.title as title6_0_0_ from posts posts0_ where posts0_.id=?
Hibernate: update posts set create_date=?, modified_date=?, author=?, content=?, title=? where id=?
Hibernate: select posts0_.id as id1_0_, posts0_.create_date as create_d2_0_, posts0_.modified_date as modified3_0_, posts0_.author as author4_0_, posts0_.content as content5_0_, posts0_.title as title6_0_ from posts posts0_
Hibernate: select posts0_.id as id1_0_, posts0_.create_date as create_d2_0_, posts0_.modified_date as modified3_0_, posts0_.author as author4_0_, posts0_.content as content5_0_, posts0_.title as title6_0_ from posts posts0_
Hibernate: delete from posts where id=?
]]></system-out>
  <system-err><![CDATA[]]></system-err>
</testsuite>
