<?xml version="1.0" encoding="UTF-8"?>
<testsuite name="com.singco.springboot.web.IndexControllerTest" tests="1" skipped="0" failures="0" errors="0" timestamp="2020-01-04T13:38:19" hostname="Kui-MacBookPro.local" time="0.205">
  <properties/>
  <testcase name="loadingMainPage" classname="com.singco.springboot.web.IndexControllerTest" time="0.205"/>
  <system-out><![CDATA[2020-01-04 22:38:15.555  INFO 33367 --- [    Test worker] .b.t.c.SpringBootTestContextBootstrapper : Neither @ContextConfiguration nor @ContextHierarchy found for test class [com.singco.springboot.web.IndexControllerTest], using SpringBootContextLoader
2020-01-04 22:38:15.556  INFO 33367 --- [    Test worker] o.s.t.c.support.AbstractContextLoader    : Could not detect default resource locations for test class [com.singco.springboot.web.IndexControllerTest]: no resource found for suffixes {-context.xml, Context.groovy}.
2020-01-04 22:38:15.556  INFO 33367 --- [    Test worker] t.c.s.AnnotationConfigContextLoaderUtils : Could not detect default configuration classes for test class [com.singco.springboot.web.IndexControllerTest]: IndexControllerTest does not declare any static, non-private, non-final, nested classes annotated with @Configuration.
2020-01-04 22:38:15.558  INFO 33367 --- [    Test worker] .b.t.c.SpringBootTestContextBootstrapper : Found @SpringBootConfiguration com.singco.springboot.Application for test class com.singco.springboot.web.IndexControllerTest
2020-01-04 22:38:15.560  INFO 33367 --- [    Test worker] .b.t.c.SpringBootTestContextBootstrapper : Loaded default TestExecutionListener class names from location [META-INF/spring.factories]: [org.springframework.security.test.context.support.WithSecurityContextTestExecutionListener, org.springframework.security.test.context.support.ReactorContextTestExecutionListener, org.springframework.boot.test.autoconfigure.restdocs.RestDocsTestExecutionListener, org.springframework.boot.test.autoconfigure.web.client.MockRestServiceServerResetTestExecutionListener, org.springframework.boot.test.autoconfigure.web.servlet.MockMvcPrintOnlyOnFailureTestExecutionListener, org.springframework.boot.test.autoconfigure.web.servlet.WebDriverTestExecutionListener, org.springframework.boot.test.mock.mockito.MockitoTestExecutionListener, org.springframework.boot.test.mock.mockito.ResetMocksTestExecutionListener, org.springframework.test.context.web.ServletTestExecutionListener, org.springframework.test.context.support.DirtiesContextBeforeModesTestExecutionListener, org.springframework.test.context.support.DependencyInjectionTestExecutionListener, org.springframework.test.context.support.DirtiesContextTestExecutionListener, org.springframework.test.context.transaction.TransactionalTestExecutionListener, org.springframework.test.context.jdbc.SqlScriptsTestExecutionListener]
2020-01-04 22:38:15.561  INFO 33367 --- [    Test worker] .b.t.c.SpringBootTestContextBootstrapper : Using TestExecutionListeners: [org.springframework.test.context.web.ServletTestExecutionListener@75a363b0, org.springframework.test.context.support.DirtiesContextBeforeModesTestExecutionListener@735a6aec, org.springframework.boot.test.mock.mockito.MockitoTestExecutionListener@fd1fedf, org.springframework.boot.test.autoconfigure.SpringBootDependencyInjectionTestExecutionListener@6650cec6, org.springframework.test.context.support.DirtiesContextTestExecutionListener@8808f5f, org.springframework.test.context.transaction.TransactionalTestExecutionListener@28ad99a9, org.springframework.test.context.jdbc.SqlScriptsTestExecutionListener@288aad65, org.springframework.security.test.context.support.WithSecurityContextTestExecutionListener@48cc604c, org.springframework.security.test.context.support.ReactorContextTestExecutionListener@44baf47d, org.springframework.boot.test.autoconfigure.restdocs.RestDocsTestExecutionListener@1e4d92, org.springframework.boot.test.autoconfigure.web.client.MockRestServiceServerResetTestExecutionListener@7d023971, org.springframework.boot.test.autoconfigure.web.servlet.MockMvcPrintOnlyOnFailureTestExecutionListener@5667f89d, org.springframework.boot.test.autoconfigure.web.servlet.WebDriverTestExecutionListener@45ede730, org.springframework.boot.test.mock.mockito.ResetMocksTestExecutionListener@37ed40c2]

  .   ____          _            __ _ _
 /\\ / ___'_ __ _ _(_)_ __  __ _ \ \ \ \
( ( )\___ | '_ | '_| | '_ \/ _` | \ \ \ \
 \\/  ___)| |_)| | | | | || (_| |  ) ) ) )
  '  |____| .__|_| |_|_| |_\__, | / / / /
 =========|_|==============|___/=/_/_/_/
 :: Spring Boot ::        (v2.1.7.RELEASE)

2020-01-04 22:38:15.592  INFO 33367 --- [    Test worker] c.s.springboot.web.IndexControllerTest   : Starting IndexControllerTest on Kui-MacBookPro.local with PID 33367 (started by mintune in /Users/mintune/IdeaProjects/springboot2-webservice)
2020-01-04 22:38:15.595  INFO 33367 --- [    Test worker] c.s.springboot.web.IndexControllerTest   : No active profile set, falling back to default profiles: default
2020-01-04 22:38:15.958  INFO 33367 --- [    Test worker] .s.d.r.c.RepositoryConfigurationDelegate : Bootstrapping Spring Data repositories in DEFAULT mode.
2020-01-04 22:38:16.023  INFO 33367 --- [    Test worker] .s.d.r.c.RepositoryConfigurationDelegate : Finished Spring Data repository scanning in 56ms. Found 2 repository interfaces.
2020-01-04 22:38:16.303  INFO 33367 --- [    Test worker] trationDelegate$BeanPostProcessorChecker : Bean 'org.springframework.transaction.annotation.ProxyTransactionManagementConfiguration' of type [org.springframework.transaction.annotation.ProxyTransactionManagementConfiguration$$EnhancerBySpringCGLIB$$4afba4e7] is not eligible for getting processed by all BeanPostProcessors (for example: not eligible for auto-proxying)
2020-01-04 22:38:16.615  INFO 33367 --- [    Test worker] o.s.b.w.embedded.tomcat.TomcatWebServer  : Tomcat initialized with port(s): 0 (http)
2020-01-04 22:38:16.650  INFO 33367 --- [    Test worker] o.apache.catalina.core.StandardService   : Starting service [Tomcat]
2020-01-04 22:38:16.650  INFO 33367 --- [    Test worker] org.apache.catalina.core.StandardEngine  : Starting Servlet engine: [Apache Tomcat/9.0.22]
2020-01-04 22:38:16.811  INFO 33367 --- [    Test worker] o.a.c.c.C.[Tomcat].[localhost].[/]       : Initializing Spring embedded WebApplicationContext
2020-01-04 22:38:16.811  INFO 33367 --- [    Test worker] o.s.web.context.ContextLoader            : Root WebApplicationContext: initialization completed in 1214 ms
2020-01-04 22:38:17.057  INFO 33367 --- [    Test worker] com.zaxxer.hikari.HikariDataSource       : HikariPool-1 - Starting...
2020-01-04 22:38:17.255  INFO 33367 --- [    Test worker] com.zaxxer.hikari.HikariDataSource       : HikariPool-1 - Start completed.
2020-01-04 22:38:17.357  INFO 33367 --- [    Test worker] o.hibernate.jpa.internal.util.LogHelper  : HHH000204: Processing PersistenceUnitInfo [
	name: default
	...]
2020-01-04 22:38:17.450  INFO 33367 --- [    Test worker] org.hibernate.Version                    : HHH000412: Hibernate Core {5.3.10.Final}
2020-01-04 22:38:17.451  INFO 33367 --- [    Test worker] org.hibernate.cfg.Environment            : HHH000206: hibernate.properties not found
2020-01-04 22:38:17.504  INFO 33367 --- [    Test worker] o.hibernate.annotations.common.Version   : HCANN000001: Hibernate Commons Annotations {5.0.4.Final}
2020-01-04 22:38:17.683  INFO 33367 --- [    Test worker] org.hibernate.dialect.Dialect            : HHH000400: Using dialect: org.hibernate.dialect.MySQL5InnoDBDialect
Hibernate: drop table if exists posts
Hibernate: drop table if exists user
Hibernate: create table posts (id bigint not null auto_increment, create_date datetime, modified_date datetime, author varchar(255), content TEXT not null, title varchar(500) not null, primary key (id)) engine=InnoDB
Hibernate: create table user (id bigint not null auto_increment, create_date datetime, modified_date datetime, email varchar(255) not null, name varchar(255) not null, picture varchar(255), role varchar(255) not null, primary key (id)) engine=InnoDB
2020-01-04 22:38:18.250  INFO 33367 --- [    Test worker] o.h.t.schema.internal.SchemaCreatorImpl  : HHH000476: Executing import script 'org.hibernate.tool.schema.internal.exec.ScriptSourceInputNonExistentImpl@15ed9187'
2020-01-04 22:38:18.254  INFO 33367 --- [    Test worker] j.LocalContainerEntityManagerFactoryBean : Initialized JPA EntityManagerFactory for persistence unit 'default'
2020-01-04 22:38:18.840  INFO 33367 --- [    Test worker] o.h.h.i.QueryTranslatorFactoryInitiator  : HHH000397: Using ASTQueryTranslatorFactory
2020-01-04 22:38:19.107  INFO 33367 --- [    Test worker] o.s.s.web.DefaultSecurityFilterChain     : Creating filter chain: any request, [org.springframework.security.web.context.request.async.WebAsyncManagerIntegrationFilter@451b4bec, org.springframework.security.web.context.SecurityContextPersistenceFilter@32f3dbbe, org.springframework.security.web.header.HeaderWriterFilter@7e13da73, org.springframework.security.web.authentication.logout.LogoutFilter@79d2256f, org.springframework.security.oauth2.client.web.OAuth2AuthorizationRequestRedirectFilter@35161f93, org.springframework.security.oauth2.client.web.OAuth2LoginAuthenticationFilter@5ec93565, org.springframework.security.web.authentication.ui.DefaultLoginPageGeneratingFilter@55503a50, org.springframework.security.web.authentication.ui.DefaultLogoutPageGeneratingFilter@20fd9052, org.springframework.security.web.savedrequest.RequestCacheAwareFilter@659026e4, org.springframework.security.web.servletapi.SecurityContextHolderAwareRequestFilter@5b0a867, org.springframework.security.web.authentication.AnonymousAuthenticationFilter@5e693c2f, org.springframework.security.web.session.SessionManagementFilter@7de5aab3, org.springframework.security.web.access.ExceptionTranslationFilter@38a97cb, org.springframework.security.web.access.intercept.FilterSecurityInterceptor@44a3e704]
2020-01-04 22:38:19.270  INFO 33367 --- [    Test worker] o.s.s.concurrent.ThreadPoolTaskExecutor  : Initializing ExecutorService 'applicationTaskExecutor'
2020-01-04 22:38:19.284  WARN 33367 --- [    Test worker] aWebConfiguration$JpaWebMvcConfiguration : spring.jpa.open-in-view is enabled by default. Therefore, database queries may be performed during view rendering. Explicitly configure spring.jpa.open-in-view to disable this warning
2020-01-04 22:38:19.315  INFO 33367 --- [    Test worker] o.s.b.a.w.s.WelcomePageHandlerMapping    : Adding welcome page template: index
2020-01-04 22:38:19.584  INFO 33367 --- [    Test worker] s.a.ScheduledAnnotationBeanPostProcessor : No TaskScheduler/ScheduledExecutorService bean found for scheduled processing
2020-01-04 22:38:19.611  INFO 33367 --- [    Test worker] o.s.b.w.embedded.tomcat.TomcatWebServer  : Tomcat started on port(s): 57494 (http) with context path ''
2020-01-04 22:38:19.612  INFO 33367 --- [    Test worker] c.s.springboot.web.IndexControllerTest   : Started IndexControllerTest in 4.047 seconds (JVM running for 7.548)
2020-01-04 22:38:19.704  INFO 33367 --- [o-auto-1-exec-1] o.a.c.c.C.[Tomcat].[localhost].[/]       : Initializing Spring DispatcherServlet 'dispatcherServlet'
2020-01-04 22:38:19.704  INFO 33367 --- [o-auto-1-exec-1] o.s.web.servlet.DispatcherServlet        : Initializing Servlet 'dispatcherServlet'
2020-01-04 22:38:19.719  INFO 33367 --- [o-auto-1-exec-1] o.s.web.servlet.DispatcherServlet        : Completed initialization in 15 ms
Hibernate: select posts0_.id as id1_0_, posts0_.create_date as create_d2_0_, posts0_.modified_date as modified3_0_, posts0_.author as author4_0_, posts0_.content as content5_0_, posts0_.title as title6_0_ from posts posts0_ order by posts0_.id DESC
]]></system-out>
  <system-err><![CDATA[]]></system-err>
</testsuite>
