<?xml version="1.0" encoding="UTF-8"?>
<testsuite name="com.singco.springboot.domain.posts.PostsRepositoryTest" tests="2" skipped="0" failures="0" errors="0" timestamp="2020-01-07T16:55:27" hostname="Kui-MacBookPro.local" time="0.025">
  <properties/>
  <testcase name="registerBaseTimeEntity" classname="com.singco.springboot.domain.posts.PostsRepositoryTest" time="0.016"/>
  <testcase name="getPosts" classname="com.singco.springboot.domain.posts.PostsRepositoryTest" time="0.008"/>
  <system-out><![CDATA[2020-01-08 01:55:26.471  INFO 5568 --- [    Test worker] .b.t.c.SpringBootTestContextBootstrapper : Neither @ContextConfiguration nor @ContextHierarchy found for test class [com.singco.springboot.domain.posts.PostsRepositoryTest], using SpringBootContextLoader
2020-01-08 01:55:26.471  INFO 5568 --- [    Test worker] o.s.t.c.support.AbstractContextLoader    : Could not detect default resource locations for test class [com.singco.springboot.domain.posts.PostsRepositoryTest]: no resource found for suffixes {-context.xml, Context.groovy}.
2020-01-08 01:55:26.471  INFO 5568 --- [    Test worker] t.c.s.AnnotationConfigContextLoaderUtils : Could not detect default configuration classes for test class [com.singco.springboot.domain.posts.PostsRepositoryTest]: PostsRepositoryTest does not declare any static, non-private, non-final, nested classes annotated with @Configuration.
2020-01-08 01:55:26.477  INFO 5568 --- [    Test worker] .b.t.c.SpringBootTestContextBootstrapper : Found @SpringBootConfiguration com.singco.springboot.Application for test class com.singco.springboot.domain.posts.PostsRepositoryTest
2020-01-08 01:55:26.478  INFO 5568 --- [    Test worker] .b.t.c.SpringBootTestContextBootstrapper : Loaded default TestExecutionListener class names from location [META-INF/spring.factories]: [org.springframework.security.test.context.support.WithSecurityContextTestExecutionListener, org.springframework.security.test.context.support.ReactorContextTestExecutionListener, org.springframework.boot.test.autoconfigure.restdocs.RestDocsTestExecutionListener, org.springframework.boot.test.autoconfigure.web.client.MockRestServiceServerResetTestExecutionListener, org.springframework.boot.test.autoconfigure.web.servlet.MockMvcPrintOnlyOnFailureTestExecutionListener, org.springframework.boot.test.autoconfigure.web.servlet.WebDriverTestExecutionListener, org.springframework.boot.test.mock.mockito.MockitoTestExecutionListener, org.springframework.boot.test.mock.mockito.ResetMocksTestExecutionListener, org.springframework.test.context.web.ServletTestExecutionListener, org.springframework.test.context.support.DirtiesContextBeforeModesTestExecutionListener, org.springframework.test.context.support.DependencyInjectionTestExecutionListener, org.springframework.test.context.support.DirtiesContextTestExecutionListener, org.springframework.test.context.transaction.TransactionalTestExecutionListener, org.springframework.test.context.jdbc.SqlScriptsTestExecutionListener]
2020-01-08 01:55:26.478  INFO 5568 --- [    Test worker] .b.t.c.SpringBootTestContextBootstrapper : Using TestExecutionListeners: [org.springframework.test.context.web.ServletTestExecutionListener@74172db0, org.springframework.test.context.support.DirtiesContextBeforeModesTestExecutionListener@3c0f8fa0, org.springframework.boot.test.mock.mockito.MockitoTestExecutionListener@344c62d6, org.springframework.boot.test.autoconfigure.SpringBootDependencyInjectionTestExecutionListener@2f85af3f, org.springframework.test.context.support.DirtiesContextTestExecutionListener@62b26dd2, org.springframework.test.context.transaction.TransactionalTestExecutionListener@22008cab, org.springframework.test.context.jdbc.SqlScriptsTestExecutionListener@750d00ef, org.springframework.security.test.context.support.WithSecurityContextTestExecutionListener@7773a526, org.springframework.security.test.context.support.ReactorContextTestExecutionListener@6de9ae7, org.springframework.boot.test.autoconfigure.restdocs.RestDocsTestExecutionListener@209d3b43, org.springframework.boot.test.autoconfigure.web.client.MockRestServiceServerResetTestExecutionListener@3d8a5dc7, org.springframework.boot.test.autoconfigure.web.servlet.MockMvcPrintOnlyOnFailureTestExecutionListener@57ba85c5, org.springframework.boot.test.autoconfigure.web.servlet.WebDriverTestExecutionListener@25c13477, org.springframework.boot.test.mock.mockito.ResetMocksTestExecutionListener@6ccf44af]

  .   ____          _            __ _ _
 /\\ / ___'_ __ _ _(_)_ __  __ _ \ \ \ \
( ( )\___ | '_ | '_| | '_ \/ _` | \ \ \ \
 \\/  ___)| |_)| | | | | || (_| |  ) ) ) )
  '  |____| .__|_| |_|_| |_\__, | / / / /
 =========|_|==============|___/=/_/_/_/
 :: Spring Boot ::        (v2.1.7.RELEASE)

2020-01-08 01:55:26.498  INFO 5568 --- [    Test worker] c.s.s.domain.posts.PostsRepositoryTest   : Starting PostsRepositoryTest on Kui-MacBookPro.local with PID 5568 (started by mintune in /Users/mintune/IdeaProjects/springboot2-webservice)
2020-01-08 01:55:26.499  INFO 5568 --- [    Test worker] c.s.s.domain.posts.PostsRepositoryTest   : No active profile set, falling back to default profiles: default
2020-01-08 01:55:26.640  INFO 5568 --- [    Test worker] .s.d.r.c.RepositoryConfigurationDelegate : Bootstrapping Spring Data repositories in DEFAULT mode.
2020-01-08 01:55:26.653  INFO 5568 --- [    Test worker] .s.d.r.c.RepositoryConfigurationDelegate : Finished Spring Data repository scanning in 13ms. Found 2 repository interfaces.
2020-01-08 01:55:26.726  INFO 5568 --- [    Test worker] trationDelegate$BeanPostProcessorChecker : Bean 'org.springframework.transaction.annotation.ProxyTransactionManagementConfiguration' of type [org.springframework.transaction.annotation.ProxyTransactionManagementConfiguration$$EnhancerBySpringCGLIB$$f292e3df] is not eligible for getting processed by all BeanPostProcessors (for example: not eligible for auto-proxying)
2020-01-08 01:55:26.786  INFO 5568 --- [    Test worker] com.zaxxer.hikari.HikariDataSource       : HikariPool-2 - Starting...
2020-01-08 01:55:26.787  INFO 5568 --- [    Test worker] com.zaxxer.hikari.HikariDataSource       : HikariPool-2 - Start completed.
2020-01-08 01:55:26.804  INFO 5568 --- [    Test worker] o.hibernate.jpa.internal.util.LogHelper  : HHH000204: Processing PersistenceUnitInfo [
	name: default
	...]
2020-01-08 01:55:26.809  INFO 5568 --- [    Test worker] org.hibernate.dialect.Dialect            : HHH000400: Using dialect: org.hibernate.dialect.MySQL5InnoDBDialect
Hibernate: drop table if exists posts
Hibernate: drop table if exists user
Hibernate: create table posts (id bigint not null auto_increment, create_date datetime, modified_date datetime, author varchar(255), content TEXT not null, title varchar(500) not null, primary key (id)) engine=InnoDB
Hibernate: create table user (id bigint not null auto_increment, create_date datetime, modified_date datetime, email varchar(255) not null, name varchar(255) not null, picture varchar(255), role varchar(255) not null, primary key (id)) engine=InnoDB
2020-01-08 01:55:26.844  INFO 5568 --- [    Test worker] o.h.t.schema.internal.SchemaCreatorImpl  : HHH000476: Executing import script 'org.hibernate.tool.schema.internal.exec.ScriptSourceInputNonExistentImpl@60a274a3'
2020-01-08 01:55:26.844  INFO 5568 --- [    Test worker] j.LocalContainerEntityManagerFactoryBean : Initialized JPA EntityManagerFactory for persistence unit 'default'
2020-01-08 01:55:26.978  INFO 5568 --- [    Test worker] o.h.h.i.QueryTranslatorFactoryInitiator  : HHH000397: Using ASTQueryTranslatorFactory
2020-01-08 01:55:27.068  INFO 5568 --- [    Test worker] o.s.s.web.DefaultSecurityFilterChain     : Creating filter chain: any request, [org.springframework.security.web.context.request.async.WebAsyncManagerIntegrationFilter@5d850767, org.springframework.security.web.context.SecurityContextPersistenceFilter@a48e256, org.springframework.security.web.header.HeaderWriterFilter@67a73230, org.springframework.security.web.authentication.logout.LogoutFilter@41f31e4b, org.springframework.security.oauth2.client.web.OAuth2AuthorizationRequestRedirectFilter@1a94e22a, org.springframework.security.oauth2.client.web.OAuth2LoginAuthenticationFilter@3e4578a3, org.springframework.security.web.authentication.ui.DefaultLoginPageGeneratingFilter@ce407d3, org.springframework.security.web.authentication.ui.DefaultLogoutPageGeneratingFilter@5da0daad, org.springframework.security.web.savedrequest.RequestCacheAwareFilter@35414124, org.springframework.security.web.servletapi.SecurityContextHolderAwareRequestFilter@6ba9c30e, org.springframework.security.web.authentication.AnonymousAuthenticationFilter@6098e681, org.springframework.security.web.session.SessionManagementFilter@66702b5b, org.springframework.security.web.access.ExceptionTranslationFilter@2053ecaf, org.springframework.security.web.access.intercept.FilterSecurityInterceptor@6dfdab19]
2020-01-08 01:55:27.230  INFO 5568 --- [    Test worker] o.s.s.concurrent.ThreadPoolTaskExecutor  : Initializing ExecutorService 'applicationTaskExecutor'
2020-01-08 01:55:27.239  WARN 5568 --- [    Test worker] aWebConfiguration$JpaWebMvcConfiguration : spring.jpa.open-in-view is enabled by default. Therefore, database queries may be performed during view rendering. Explicitly configure spring.jpa.open-in-view to disable this warning
2020-01-08 01:55:27.259  INFO 5568 --- [    Test worker] o.s.b.a.w.s.WelcomePageHandlerMapping    : Adding welcome page template: index
2020-01-08 01:55:27.479  INFO 5568 --- [    Test worker] s.a.ScheduledAnnotationBeanPostProcessor : No TaskScheduler/ScheduledExecutorService bean found for scheduled processing
2020-01-08 01:55:27.481  INFO 5568 --- [    Test worker] c.s.s.domain.posts.PostsRepositoryTest   : Started PostsRepositoryTest in 1.001 seconds (JVM running for 7.474)
Hibernate: insert into posts (create_date, modified_date, author, content, title) values (?, ?, ?, ?, ?)
Hibernate: select posts0_.id as id1_0_, posts0_.create_date as create_d2_0_, posts0_.modified_date as modified3_0_, posts0_.author as author4_0_, posts0_.content as content5_0_, posts0_.title as title6_0_ from posts posts0_
>>>>>>> createDate=2020-01-08T01:55:27.490559, modifiedDate=2020-01-08T01:55:27.490559
Hibernate: select posts0_.id as id1_0_, posts0_.create_date as create_d2_0_, posts0_.modified_date as modified3_0_, posts0_.author as author4_0_, posts0_.content as content5_0_, posts0_.title as title6_0_ from posts posts0_
Hibernate: delete from posts where id=?
Hibernate: insert into posts (create_date, modified_date, author, content, title) values (?, ?, ?, ?, ?)
Hibernate: select posts0_.id as id1_0_, posts0_.create_date as create_d2_0_, posts0_.modified_date as modified3_0_, posts0_.author as author4_0_, posts0_.content as content5_0_, posts0_.title as title6_0_ from posts posts0_
Hibernate: select posts0_.id as id1_0_, posts0_.create_date as create_d2_0_, posts0_.modified_date as modified3_0_, posts0_.author as author4_0_, posts0_.content as content5_0_, posts0_.title as title6_0_ from posts posts0_
Hibernate: delete from posts where id=?
]]></system-out>
  <system-err><![CDATA[]]></system-err>
</testsuite>
