<?xml version="1.0" encoding="UTF-8"?>
<testsuite name="com.singco.springboot.web.HelloControllerTest" tests="2" skipped="0" failures="0" errors="0" timestamp="2020-02-23T07:51:49" hostname="Kui-MacBookPro.local" time="0.093">
  <properties/>
  <testcase name="returnHelloDto" classname="com.singco.springboot.web.HelloControllerTest" time="0.086"/>
  <testcase name="returnHello" classname="com.singco.springboot.web.HelloControllerTest" time="0.006"/>
  <system-out><![CDATA[2020-02-23 16:51:48.869  INFO 3162 --- [    Test worker] .b.t.a.w.s.WebMvcTestContextBootstrapper : Neither @ContextConfiguration nor @ContextHierarchy found for test class [com.singco.springboot.web.HelloControllerTest], using SpringBootContextLoader
2020-02-23 16:51:48.870  INFO 3162 --- [    Test worker] o.s.t.c.support.AbstractContextLoader    : Could not detect default resource locations for test class [com.singco.springboot.web.HelloControllerTest]: no resource found for suffixes {-context.xml, Context.groovy}.
2020-02-23 16:51:48.870  INFO 3162 --- [    Test worker] t.c.s.AnnotationConfigContextLoaderUtils : Could not detect default configuration classes for test class [com.singco.springboot.web.HelloControllerTest]: HelloControllerTest does not declare any static, non-private, non-final, nested classes annotated with @Configuration.
2020-02-23 16:51:48.885  INFO 3162 --- [    Test worker] .b.t.c.SpringBootTestContextBootstrapper : Found @SpringBootConfiguration com.singco.springboot.Application for test class com.singco.springboot.web.HelloControllerTest
2020-02-23 16:51:48.886  INFO 3162 --- [    Test worker] .b.t.a.w.s.WebMvcTestContextBootstrapper : Loaded default TestExecutionListener class names from location [META-INF/spring.factories]: [org.springframework.security.test.context.support.WithSecurityContextTestExecutionListener, org.springframework.security.test.context.support.ReactorContextTestExecutionListener, org.springframework.boot.test.autoconfigure.restdocs.RestDocsTestExecutionListener, org.springframework.boot.test.autoconfigure.web.client.MockRestServiceServerResetTestExecutionListener, org.springframework.boot.test.autoconfigure.web.servlet.MockMvcPrintOnlyOnFailureTestExecutionListener, org.springframework.boot.test.autoconfigure.web.servlet.WebDriverTestExecutionListener, org.springframework.boot.test.mock.mockito.MockitoTestExecutionListener, org.springframework.boot.test.mock.mockito.ResetMocksTestExecutionListener, org.springframework.test.context.web.ServletTestExecutionListener, org.springframework.test.context.support.DirtiesContextBeforeModesTestExecutionListener, org.springframework.test.context.support.DependencyInjectionTestExecutionListener, org.springframework.test.context.support.DirtiesContextTestExecutionListener, org.springframework.test.context.transaction.TransactionalTestExecutionListener, org.springframework.test.context.jdbc.SqlScriptsTestExecutionListener]
2020-02-23 16:51:48.887  INFO 3162 --- [    Test worker] .b.t.a.w.s.WebMvcTestContextBootstrapper : Using TestExecutionListeners: [org.springframework.test.context.web.ServletTestExecutionListener@15350a6f, org.springframework.test.context.support.DirtiesContextBeforeModesTestExecutionListener@2267679c, org.springframework.boot.test.mock.mockito.MockitoTestExecutionListener@571839ac, org.springframework.boot.test.autoconfigure.SpringBootDependencyInjectionTestExecutionListener@27ca5ea8, org.springframework.test.context.support.DirtiesContextTestExecutionListener@1a115e4c, org.springframework.test.context.transaction.TransactionalTestExecutionListener@3538115, org.springframework.test.context.jdbc.SqlScriptsTestExecutionListener@15100d8a, org.springframework.security.test.context.support.WithSecurityContextTestExecutionListener@60da3e9e, org.springframework.security.test.context.support.ReactorContextTestExecutionListener@70a9eff7, org.springframework.boot.test.autoconfigure.restdocs.RestDocsTestExecutionListener@6f6d83de, org.springframework.boot.test.autoconfigure.web.client.MockRestServiceServerResetTestExecutionListener@7a04afe4, org.springframework.boot.test.autoconfigure.web.servlet.MockMvcPrintOnlyOnFailureTestExecutionListener@4b9b40f4, org.springframework.boot.test.autoconfigure.web.servlet.WebDriverTestExecutionListener@74f2d827, org.springframework.boot.test.mock.mockito.ResetMocksTestExecutionListener@7782d614]

  .   ____          _            __ _ _
 /\\ / ___'_ __ _ _(_)_ __  __ _ \ \ \ \
( ( )\___ | '_ | '_| | '_ \/ _` | \ \ \ \
 \\/  ___)| |_)| | | | | || (_| |  ) ) ) )
  '  |____| .__|_| |_|_| |_\__, | / / / /
 =========|_|==============|___/=/_/_/_/
 :: Spring Boot ::        (v2.1.7.RELEASE)

2020-02-23 16:51:48.910  INFO 3162 --- [    Test worker] c.s.springboot.web.HelloControllerTest   : Starting HelloControllerTest on Kui-MacBookPro.local with PID 3162 (started by mintune in /Users/mintune/IdeaProjects/springboot2-webservice)
2020-02-23 16:51:48.911  INFO 3162 --- [    Test worker] c.s.springboot.web.HelloControllerTest   : No active profile set, falling back to default profiles: default
2020-02-23 16:51:49.176  INFO 3162 --- [    Test worker] o.s.s.concurrent.ThreadPoolTaskExecutor  : Initializing ExecutorService 'applicationTaskExecutor'
2020-02-23 16:51:49.217  INFO 3162 --- [    Test worker] o.s.b.a.w.s.WelcomePageHandlerMapping    : Adding welcome page template: index
2020-02-23 16:51:49.327  INFO 3162 --- [    Test worker] .s.s.UserDetailsServiceAutoConfiguration : 

Using generated security password: 447221c1-aff8-4874-a89e-fed481d57fe2

2020-02-23 16:51:49.395  INFO 3162 --- [    Test worker] o.s.s.web.DefaultSecurityFilterChain     : Creating filter chain: any request, [org.springframework.security.web.context.request.async.WebAsyncManagerIntegrationFilter@1afe6792, org.springframework.security.web.context.SecurityContextPersistenceFilter@7e9c527b, org.springframework.security.web.header.HeaderWriterFilter@21f09e5f, org.springframework.security.web.csrf.CsrfFilter@3cdd47b8, org.springframework.security.web.authentication.logout.LogoutFilter@32109a30, org.springframework.security.web.authentication.UsernamePasswordAuthenticationFilter@10f22155, org.springframework.security.web.authentication.ui.DefaultLoginPageGeneratingFilter@6d3619d6, org.springframework.security.web.authentication.ui.DefaultLogoutPageGeneratingFilter@35c901e8, org.springframework.security.web.authentication.www.BasicAuthenticationFilter@4da0990c, org.springframework.security.web.savedrequest.RequestCacheAwareFilter@8fd4808, org.springframework.security.web.servletapi.SecurityContextHolderAwareRequestFilter@2dda2d2e, org.springframework.security.web.authentication.AnonymousAuthenticationFilter@7ce886a4, org.springframework.security.web.session.SessionManagementFilter@7746ed5e, org.springframework.security.web.access.ExceptionTranslationFilter@668212a2, org.springframework.security.web.access.intercept.FilterSecurityInterceptor@5abf4114]
2020-02-23 16:51:49.408  INFO 3162 --- [    Test worker] o.s.b.t.m.w.SpringBootMockServletContext : Initializing Spring TestDispatcherServlet ''
2020-02-23 16:51:49.408  INFO 3162 --- [    Test worker] o.s.t.web.servlet.TestDispatcherServlet  : Initializing Servlet ''
2020-02-23 16:51:49.409  INFO 3162 --- [    Test worker] o.s.t.web.servlet.TestDispatcherServlet  : Completed initialization in 1 ms
2020-02-23 16:51:49.430  INFO 3162 --- [    Test worker] c.s.springboot.web.HelloControllerTest   : Started HelloControllerTest in 0.537 seconds (JVM running for 6.451)
]]></system-out>
  <system-err><![CDATA[]]></system-err>
</testsuite>
