<?xml version="1.0" encoding="UTF-8"?>
<testsuite name="com.singco.springboot.web.dto.HelloResponseDtoTest" tests="1" skipped="0" failures="0" errors="0" timestamp="2020-02-23T07:51:43" hostname="Kui-MacBookPro.local" time="0.063">
  <properties/>
  <testcase name="lombokFunctionalCheck" classname="com.singco.springboot.web.dto.HelloResponseDtoTest" time="0.063"/>
  <system-out><![CDATA[]]></system-out>
  <system-err><![CDATA[]]></system-err>
</testsuite>
