<?xml version="1.0" encoding="UTF-8"?>
<testsuite name="com.singco.springboot.web.IndexControllerTest" tests="1" skipped="0" failures="0" errors="0" timestamp="2020-01-07T16:55:26" hostname="Kui-MacBookPro.local" time="0.073">
  <properties/>
  <testcase name="loadingMainPage" classname="com.singco.springboot.web.IndexControllerTest" time="0.073"/>
  <system-out><![CDATA[2020-01-08 01:55:26.221  INFO 5568 --- [    Test worker] .b.t.c.SpringBootTestContextBootstrapper : Neither @ContextConfiguration nor @ContextHierarchy found for test class [com.singco.springboot.web.IndexControllerTest], using SpringBootContextLoader
2020-01-08 01:55:26.223  INFO 5568 --- [    Test worker] o.s.t.c.support.AbstractContextLoader    : Could not detect default resource locations for test class [com.singco.springboot.web.IndexControllerTest]: no resource found for suffixes {-context.xml, Context.groovy}.
2020-01-08 01:55:26.223  INFO 5568 --- [    Test worker] t.c.s.AnnotationConfigContextLoaderUtils : Could not detect default configuration classes for test class [com.singco.springboot.web.IndexControllerTest]: IndexControllerTest does not declare any static, non-private, non-final, nested classes annotated with @Configuration.
2020-01-08 01:55:26.225  INFO 5568 --- [    Test worker] .b.t.c.SpringBootTestContextBootstrapper : Found @SpringBootConfiguration com.singco.springboot.Application for test class com.singco.springboot.web.IndexControllerTest
2020-01-08 01:55:26.227  INFO 5568 --- [    Test worker] .b.t.c.SpringBootTestContextBootstrapper : Loaded default TestExecutionListener class names from location [META-INF/spring.factories]: [org.springframework.security.test.context.support.WithSecurityContextTestExecutionListener, org.springframework.security.test.context.support.ReactorContextTestExecutionListener, org.springframework.boot.test.autoconfigure.restdocs.RestDocsTestExecutionListener, org.springframework.boot.test.autoconfigure.web.client.MockRestServiceServerResetTestExecutionListener, org.springframework.boot.test.autoconfigure.web.servlet.MockMvcPrintOnlyOnFailureTestExecutionListener, org.springframework.boot.test.autoconfigure.web.servlet.WebDriverTestExecutionListener, org.springframework.boot.test.mock.mockito.MockitoTestExecutionListener, org.springframework.boot.test.mock.mockito.ResetMocksTestExecutionListener, org.springframework.test.context.web.ServletTestExecutionListener, org.springframework.test.context.support.DirtiesContextBeforeModesTestExecutionListener, org.springframework.test.context.support.DependencyInjectionTestExecutionListener, org.springframework.test.context.support.DirtiesContextTestExecutionListener, org.springframework.test.context.transaction.TransactionalTestExecutionListener, org.springframework.test.context.jdbc.SqlScriptsTestExecutionListener]
2020-01-08 01:55:26.228  INFO 5568 --- [    Test worker] .b.t.c.SpringBootTestContextBootstrapper : Using TestExecutionListeners: [org.springframework.test.context.web.ServletTestExecutionListener@605bc4f3, org.springframework.test.context.support.DirtiesContextBeforeModesTestExecutionListener@3e34cd2a, org.springframework.boot.test.mock.mockito.MockitoTestExecutionListener@6f9712bc, org.springframework.boot.test.autoconfigure.SpringBootDependencyInjectionTestExecutionListener@f161fa8, org.springframework.test.context.support.DirtiesContextTestExecutionListener@31d42ee5, org.springframework.test.context.transaction.TransactionalTestExecutionListener@2911e868, org.springframework.test.context.jdbc.SqlScriptsTestExecutionListener@7ec40d04, org.springframework.security.test.context.support.WithSecurityContextTestExecutionListener@4110b62b, org.springframework.security.test.context.support.ReactorContextTestExecutionListener@51231bea, org.springframework.boot.test.autoconfigure.restdocs.RestDocsTestExecutionListener@7757fb0e, org.springframework.boot.test.autoconfigure.web.client.MockRestServiceServerResetTestExecutionListener@29a564cd, org.springframework.boot.test.autoconfigure.web.servlet.MockMvcPrintOnlyOnFailureTestExecutionListener@6dc03e3c, org.springframework.boot.test.autoconfigure.web.servlet.WebDriverTestExecutionListener@24f58425, org.springframework.boot.test.mock.mockito.ResetMocksTestExecutionListener@6c32943e]
Hibernate: select posts0_.id as id1_0_, posts0_.create_date as create_d2_0_, posts0_.modified_date as modified3_0_, posts0_.author as author4_0_, posts0_.content as content5_0_, posts0_.title as title6_0_ from posts posts0_ order by posts0_.id DESC
]]></system-out>
  <system-err><![CDATA[]]></system-err>
</testsuite>
