<?xml version="1.0" encoding="UTF-8"?>
<testsuite name="com.singco.springboot.web.HelloControllerTest" tests="2" skipped="0" failures="0" errors="0" timestamp="2020-01-07T16:55:26" hostname="Kui-MacBookPro.local" time="0.08">
  <properties/>
  <testcase name="returnHelloDto" classname="com.singco.springboot.web.HelloControllerTest" time="0.074"/>
  <testcase name="returnHello" classname="com.singco.springboot.web.HelloControllerTest" time="0.006"/>
  <system-out><![CDATA[2020-01-08 01:55:25.544  INFO 5568 --- [    Test worker] .b.t.a.w.s.WebMvcTestContextBootstrapper : Neither @ContextConfiguration nor @ContextHierarchy found for test class [com.singco.springboot.web.HelloControllerTest], using SpringBootContextLoader
2020-01-08 01:55:25.545  INFO 5568 --- [    Test worker] o.s.t.c.support.AbstractContextLoader    : Could not detect default resource locations for test class [com.singco.springboot.web.HelloControllerTest]: no resource found for suffixes {-context.xml, Context.groovy}.
2020-01-08 01:55:25.545  INFO 5568 --- [    Test worker] t.c.s.AnnotationConfigContextLoaderUtils : Could not detect default configuration classes for test class [com.singco.springboot.web.HelloControllerTest]: HelloControllerTest does not declare any static, non-private, non-final, nested classes annotated with @Configuration.
2020-01-08 01:55:25.557  INFO 5568 --- [    Test worker] .b.t.c.SpringBootTestContextBootstrapper : Found @SpringBootConfiguration com.singco.springboot.Application for test class com.singco.springboot.web.HelloControllerTest
2020-01-08 01:55:25.558  INFO 5568 --- [    Test worker] .b.t.a.w.s.WebMvcTestContextBootstrapper : Loaded default TestExecutionListener class names from location [META-INF/spring.factories]: [org.springframework.security.test.context.support.WithSecurityContextTestExecutionListener, org.springframework.security.test.context.support.ReactorContextTestExecutionListener, org.springframework.boot.test.autoconfigure.restdocs.RestDocsTestExecutionListener, org.springframework.boot.test.autoconfigure.web.client.MockRestServiceServerResetTestExecutionListener, org.springframework.boot.test.autoconfigure.web.servlet.MockMvcPrintOnlyOnFailureTestExecutionListener, org.springframework.boot.test.autoconfigure.web.servlet.WebDriverTestExecutionListener, org.springframework.boot.test.mock.mockito.MockitoTestExecutionListener, org.springframework.boot.test.mock.mockito.ResetMocksTestExecutionListener, org.springframework.test.context.web.ServletTestExecutionListener, org.springframework.test.context.support.DirtiesContextBeforeModesTestExecutionListener, org.springframework.test.context.support.DependencyInjectionTestExecutionListener, org.springframework.test.context.support.DirtiesContextTestExecutionListener, org.springframework.test.context.transaction.TransactionalTestExecutionListener, org.springframework.test.context.jdbc.SqlScriptsTestExecutionListener]
2020-01-08 01:55:25.571  INFO 5568 --- [    Test worker] .b.t.a.w.s.WebMvcTestContextBootstrapper : Using TestExecutionListeners: [org.springframework.test.context.web.ServletTestExecutionListener@6f6d83de, org.springframework.test.context.support.DirtiesContextBeforeModesTestExecutionListener@7a04afe4, org.springframework.boot.test.mock.mockito.MockitoTestExecutionListener@4b9b40f4, org.springframework.boot.test.autoconfigure.SpringBootDependencyInjectionTestExecutionListener@74f2d827, org.springframework.test.context.support.DirtiesContextTestExecutionListener@7782d614, org.springframework.test.context.transaction.TransactionalTestExecutionListener@28a62c8f, org.springframework.test.context.jdbc.SqlScriptsTestExecutionListener@392b558f, org.springframework.security.test.context.support.WithSecurityContextTestExecutionListener@5bfa816d, org.springframework.security.test.context.support.ReactorContextTestExecutionListener@3aa9de70, org.springframework.boot.test.autoconfigure.restdocs.RestDocsTestExecutionListener@23725ffe, org.springframework.boot.test.autoconfigure.web.client.MockRestServiceServerResetTestExecutionListener@4096e132, org.springframework.boot.test.autoconfigure.web.servlet.MockMvcPrintOnlyOnFailureTestExecutionListener@4f68e1a4, org.springframework.boot.test.autoconfigure.web.servlet.WebDriverTestExecutionListener@3bc6fc67, org.springframework.boot.test.mock.mockito.ResetMocksTestExecutionListener@a7ad94e]

  .   ____          _            __ _ _
 /\\ / ___'_ __ _ _(_)_ __  __ _ \ \ \ \
( ( )\___ | '_ | '_| | '_ \/ _` | \ \ \ \
 \\/  ___)| |_)| | | | | || (_| |  ) ) ) )
  '  |____| .__|_| |_|_| |_\__, | / / / /
 =========|_|==============|___/=/_/_/_/
 :: Spring Boot ::        (v2.1.7.RELEASE)

2020-01-08 01:55:25.594  INFO 5568 --- [    Test worker] c.s.springboot.web.HelloControllerTest   : Starting HelloControllerTest on Kui-MacBookPro.local with PID 5568 (started by mintune in /Users/mintune/IdeaProjects/springboot2-webservice)
2020-01-08 01:55:25.595  INFO 5568 --- [    Test worker] c.s.springboot.web.HelloControllerTest   : No active profile set, falling back to default profiles: default
2020-01-08 01:55:25.881  INFO 5568 --- [    Test worker] o.s.s.concurrent.ThreadPoolTaskExecutor  : Initializing ExecutorService 'applicationTaskExecutor'
2020-01-08 01:55:25.904  INFO 5568 --- [    Test worker] o.s.b.a.w.s.WelcomePageHandlerMapping    : Adding welcome page template: index
2020-01-08 01:55:26.026  INFO 5568 --- [    Test worker] .s.s.UserDetailsServiceAutoConfiguration : 

Using generated security password: e0d58992-dab9-4e54-b5cf-f1fe6d9e3dc9

2020-01-08 01:55:26.098  INFO 5568 --- [    Test worker] o.s.s.web.DefaultSecurityFilterChain     : Creating filter chain: any request, [org.springframework.security.web.context.request.async.WebAsyncManagerIntegrationFilter@291755, org.springframework.security.web.context.SecurityContextPersistenceFilter@2d890ca1, org.springframework.security.web.header.HeaderWriterFilter@32109a30, org.springframework.security.web.csrf.CsrfFilter@71a58181, org.springframework.security.web.authentication.logout.LogoutFilter@7c48bc72, org.springframework.security.web.authentication.UsernamePasswordAuthenticationFilter@1afe6792, org.springframework.security.web.authentication.ui.DefaultLoginPageGeneratingFilter@10f22155, org.springframework.security.web.authentication.ui.DefaultLogoutPageGeneratingFilter@17fea9af, org.springframework.security.web.authentication.www.BasicAuthenticationFilter@21ff0d84, org.springframework.security.web.savedrequest.RequestCacheAwareFilter@6cc887a7, org.springframework.security.web.servletapi.SecurityContextHolderAwareRequestFilter@5abf4114, org.springframework.security.web.authentication.AnonymousAuthenticationFilter@4eb415f9, org.springframework.security.web.session.SessionManagementFilter@6fe4bc7a, org.springframework.security.web.access.ExceptionTranslationFilter@6fb5c6b9, org.springframework.security.web.access.intercept.FilterSecurityInterceptor@74b217e6]
2020-01-08 01:55:26.110  INFO 5568 --- [    Test worker] o.s.b.t.m.w.SpringBootMockServletContext : Initializing Spring TestDispatcherServlet ''
2020-01-08 01:55:26.110  INFO 5568 --- [    Test worker] o.s.t.web.servlet.TestDispatcherServlet  : Initializing Servlet ''
2020-01-08 01:55:26.112  INFO 5568 --- [    Test worker] o.s.t.web.servlet.TestDispatcherServlet  : Completed initialization in 2 ms
2020-01-08 01:55:26.134  INFO 5568 --- [    Test worker] c.s.springboot.web.HelloControllerTest   : Started HelloControllerTest in 0.558 seconds (JVM running for 6.128)
]]></system-out>
  <system-err><![CDATA[]]></system-err>
</testsuite>
