<?xml version="1.0" encoding="UTF-8"?>
<testsuite name="com.singco.springboot.domain.posts.PostsRepositoryTest" tests="2" skipped="0" failures="0" errors="0" timestamp="2020-02-23T07:51:50" hostname="Kui-MacBookPro.local" time="0.023">
  <properties/>
  <testcase name="registerBaseTimeEntity" classname="com.singco.springboot.domain.posts.PostsRepositoryTest" time="0.015"/>
  <testcase name="getPosts" classname="com.singco.springboot.domain.posts.PostsRepositoryTest" time="0.007"/>
  <system-out><![CDATA[2020-02-23 16:51:49.809  INFO 3162 --- [    Test worker] .b.t.c.SpringBootTestContextBootstrapper : Neither @ContextConfiguration nor @ContextHierarchy found for test class [com.singco.springboot.domain.posts.PostsRepositoryTest], using SpringBootContextLoader
2020-02-23 16:51:49.810  INFO 3162 --- [    Test worker] o.s.t.c.support.AbstractContextLoader    : Could not detect default resource locations for test class [com.singco.springboot.domain.posts.PostsRepositoryTest]: no resource found for suffixes {-context.xml, Context.groovy}.
2020-02-23 16:51:49.811  INFO 3162 --- [    Test worker] t.c.s.AnnotationConfigContextLoaderUtils : Could not detect default configuration classes for test class [com.singco.springboot.domain.posts.PostsRepositoryTest]: PostsRepositoryTest does not declare any static, non-private, non-final, nested classes annotated with @Configuration.
2020-02-23 16:51:49.817  INFO 3162 --- [    Test worker] .b.t.c.SpringBootTestContextBootstrapper : Found @SpringBootConfiguration com.singco.springboot.Application for test class com.singco.springboot.domain.posts.PostsRepositoryTest
2020-02-23 16:51:49.819  INFO 3162 --- [    Test worker] .b.t.c.SpringBootTestContextBootstrapper : Loaded default TestExecutionListener class names from location [META-INF/spring.factories]: [org.springframework.security.test.context.support.WithSecurityContextTestExecutionListener, org.springframework.security.test.context.support.ReactorContextTestExecutionListener, org.springframework.boot.test.autoconfigure.restdocs.RestDocsTestExecutionListener, org.springframework.boot.test.autoconfigure.web.client.MockRestServiceServerResetTestExecutionListener, org.springframework.boot.test.autoconfigure.web.servlet.MockMvcPrintOnlyOnFailureTestExecutionListener, org.springframework.boot.test.autoconfigure.web.servlet.WebDriverTestExecutionListener, org.springframework.boot.test.mock.mockito.MockitoTestExecutionListener, org.springframework.boot.test.mock.mockito.ResetMocksTestExecutionListener, org.springframework.test.context.web.ServletTestExecutionListener, org.springframework.test.context.support.DirtiesContextBeforeModesTestExecutionListener, org.springframework.test.context.support.DependencyInjectionTestExecutionListener, org.springframework.test.context.support.DirtiesContextTestExecutionListener, org.springframework.test.context.transaction.TransactionalTestExecutionListener, org.springframework.test.context.jdbc.SqlScriptsTestExecutionListener]
2020-02-23 16:51:49.819  INFO 3162 --- [    Test worker] .b.t.c.SpringBootTestContextBootstrapper : Using TestExecutionListeners: [org.springframework.test.context.web.ServletTestExecutionListener@73656f9e, org.springframework.test.context.support.DirtiesContextBeforeModesTestExecutionListener@7e802538, org.springframework.boot.test.mock.mockito.MockitoTestExecutionListener@2bcb79af, org.springframework.boot.test.autoconfigure.SpringBootDependencyInjectionTestExecutionListener@7724ddaa, org.springframework.test.context.support.DirtiesContextTestExecutionListener@2f65454f, org.springframework.test.context.transaction.TransactionalTestExecutionListener@50b31c7e, org.springframework.test.context.jdbc.SqlScriptsTestExecutionListener@20c501c6, org.springframework.security.test.context.support.WithSecurityContextTestExecutionListener@71dd51f9, org.springframework.security.test.context.support.ReactorContextTestExecutionListener@74172db0, org.springframework.boot.test.autoconfigure.restdocs.RestDocsTestExecutionListener@3c0f8fa0, org.springframework.boot.test.autoconfigure.web.client.MockRestServiceServerResetTestExecutionListener@344c62d6, org.springframework.boot.test.autoconfigure.web.servlet.MockMvcPrintOnlyOnFailureTestExecutionListener@2f85af3f, org.springframework.boot.test.autoconfigure.web.servlet.WebDriverTestExecutionListener@62b26dd2, org.springframework.boot.test.mock.mockito.ResetMocksTestExecutionListener@22008cab]

  .   ____          _            __ _ _
 /\\ / ___'_ __ _ _(_)_ __  __ _ \ \ \ \
( ( )\___ | '_ | '_| | '_ \/ _` | \ \ \ \
 \\/  ___)| |_)| | | | | || (_| |  ) ) ) )
  '  |____| .__|_| |_|_| |_\__, | / / / /
 =========|_|==============|___/=/_/_/_/
 :: Spring Boot ::        (v2.1.7.RELEASE)

2020-02-23 16:51:49.837  INFO 3162 --- [    Test worker] c.s.s.domain.posts.PostsRepositoryTest   : Starting PostsRepositoryTest on Kui-MacBookPro.local with PID 3162 (started by mintune in /Users/mintune/IdeaProjects/springboot2-webservice)
2020-02-23 16:51:49.837  INFO 3162 --- [    Test worker] c.s.s.domain.posts.PostsRepositoryTest   : No active profile set, falling back to default profiles: default
2020-02-23 16:51:50.001  INFO 3162 --- [    Test worker] .s.d.r.c.RepositoryConfigurationDelegate : Bootstrapping Spring Data repositories in DEFAULT mode.
2020-02-23 16:51:50.013  INFO 3162 --- [    Test worker] .s.d.r.c.RepositoryConfigurationDelegate : Finished Spring Data repository scanning in 12ms. Found 2 repository interfaces.
2020-02-23 16:51:50.082  INFO 3162 --- [    Test worker] trationDelegate$BeanPostProcessorChecker : Bean 'org.springframework.transaction.annotation.ProxyTransactionManagementConfiguration' of type [org.springframework.transaction.annotation.ProxyTransactionManagementConfiguration$$EnhancerBySpringCGLIB$$e416b41] is not eligible for getting processed by all BeanPostProcessors (for example: not eligible for auto-proxying)
2020-02-23 16:51:50.139  INFO 3162 --- [    Test worker] com.zaxxer.hikari.HikariDataSource       : HikariPool-2 - Starting...
2020-02-23 16:51:50.140  INFO 3162 --- [    Test worker] com.zaxxer.hikari.HikariDataSource       : HikariPool-2 - Start completed.
2020-02-23 16:51:50.156  INFO 3162 --- [    Test worker] o.hibernate.jpa.internal.util.LogHelper  : HHH000204: Processing PersistenceUnitInfo [
	name: default
	...]
2020-02-23 16:51:50.160  INFO 3162 --- [    Test worker] org.hibernate.dialect.Dialect            : HHH000400: Using dialect: org.hibernate.dialect.MySQL5InnoDBDialect
Hibernate: drop table if exists posts
Hibernate: drop table if exists user
Hibernate: create table posts (id bigint not null auto_increment, create_date datetime, modified_date datetime, author varchar(255), content TEXT not null, title varchar(500) not null, primary key (id)) engine=InnoDB
Hibernate: create table user (id bigint not null auto_increment, create_date datetime, modified_date datetime, email varchar(255) not null, name varchar(255) not null, picture varchar(255), role varchar(255) not null, primary key (id)) engine=InnoDB
2020-02-23 16:51:50.195  INFO 3162 --- [    Test worker] o.h.t.schema.internal.SchemaCreatorImpl  : HHH000476: Executing import script 'org.hibernate.tool.schema.internal.exec.ScriptSourceInputNonExistentImpl@45444f64'
2020-02-23 16:51:50.195  INFO 3162 --- [    Test worker] j.LocalContainerEntityManagerFactoryBean : Initialized JPA EntityManagerFactory for persistence unit 'default'
2020-02-23 16:51:50.315  INFO 3162 --- [    Test worker] o.h.h.i.QueryTranslatorFactoryInitiator  : HHH000397: Using ASTQueryTranslatorFactory
2020-02-23 16:51:50.397  INFO 3162 --- [    Test worker] o.s.s.web.DefaultSecurityFilterChain     : Creating filter chain: any request, [org.springframework.security.web.context.request.async.WebAsyncManagerIntegrationFilter@2b44b46e, org.springframework.security.web.context.SecurityContextPersistenceFilter@1689d8e7, org.springframework.security.web.header.HeaderWriterFilter@1a7d1b53, org.springframework.security.web.authentication.logout.LogoutFilter@3c5a11c2, org.springframework.security.oauth2.client.web.OAuth2AuthorizationRequestRedirectFilter@2ebe2592, org.springframework.security.oauth2.client.web.OAuth2LoginAuthenticationFilter@719c62da, org.springframework.security.web.authentication.ui.DefaultLoginPageGeneratingFilter@644cb34c, org.springframework.security.web.authentication.ui.DefaultLogoutPageGeneratingFilter@6f85c001, org.springframework.security.web.savedrequest.RequestCacheAwareFilter@55a92789, org.springframework.security.web.servletapi.SecurityContextHolderAwareRequestFilter@277c19ec, org.springframework.security.web.authentication.AnonymousAuthenticationFilter@3048ead6, org.springframework.security.web.session.SessionManagementFilter@191b5d02, org.springframework.security.web.access.ExceptionTranslationFilter@735616a1, org.springframework.security.web.access.intercept.FilterSecurityInterceptor@77e67c63]
2020-02-23 16:51:50.543  INFO 3162 --- [    Test worker] o.s.s.concurrent.ThreadPoolTaskExecutor  : Initializing ExecutorService 'applicationTaskExecutor'
2020-02-23 16:51:50.552  WARN 3162 --- [    Test worker] aWebConfiguration$JpaWebMvcConfiguration : spring.jpa.open-in-view is enabled by default. Therefore, database queries may be performed during view rendering. Explicitly configure spring.jpa.open-in-view to disable this warning
2020-02-23 16:51:50.571  INFO 3162 --- [    Test worker] o.s.b.a.w.s.WelcomePageHandlerMapping    : Adding welcome page template: index
2020-02-23 16:51:50.763  INFO 3162 --- [    Test worker] s.a.ScheduledAnnotationBeanPostProcessor : No TaskScheduler/ScheduledExecutorService bean found for scheduled processing
2020-02-23 16:51:50.764  INFO 3162 --- [    Test worker] c.s.s.domain.posts.PostsRepositoryTest   : Started PostsRepositoryTest in 0.943 seconds (JVM running for 7.786)
Hibernate: insert into posts (create_date, modified_date, author, content, title) values (?, ?, ?, ?, ?)
Hibernate: select posts0_.id as id1_0_, posts0_.create_date as create_d2_0_, posts0_.modified_date as modified3_0_, posts0_.author as author4_0_, posts0_.content as content5_0_, posts0_.title as title6_0_ from posts posts0_
>>>>>>> createDate=2020-02-23T16:51:50.773318, modifiedDate=2020-02-23T16:51:50.773318
Hibernate: select posts0_.id as id1_0_, posts0_.create_date as create_d2_0_, posts0_.modified_date as modified3_0_, posts0_.author as author4_0_, posts0_.content as content5_0_, posts0_.title as title6_0_ from posts posts0_
Hibernate: delete from posts where id=?
Hibernate: insert into posts (create_date, modified_date, author, content, title) values (?, ?, ?, ?, ?)
Hibernate: select posts0_.id as id1_0_, posts0_.create_date as create_d2_0_, posts0_.modified_date as modified3_0_, posts0_.author as author4_0_, posts0_.content as content5_0_, posts0_.title as title6_0_ from posts posts0_
Hibernate: select posts0_.id as id1_0_, posts0_.create_date as create_d2_0_, posts0_.modified_date as modified3_0_, posts0_.author as author4_0_, posts0_.content as content5_0_, posts0_.title as title6_0_ from posts posts0_
Hibernate: delete from posts where id=?
]]></system-out>
  <system-err><![CDATA[]]></system-err>
</testsuite>
